#
# A fatal error has been detected by the Java Runtime Environment:
#
#  SIGBUS (0xa) at pc=0x000000010b9154f0, pid=2567, tid=33543
#
# JRE version: OpenJDK Runtime Environment (17.0.2+8) (build 17.0.2+8-86)
# Java VM: OpenJDK 64-Bit Server VM (17.0.2+8-86, mixed mode, sharing, tiered, compressed oops, compressed class ptrs, g1 gc, bsd-aarch64)
# Problematic frame:
# v  ~StubRoutines::SafeFetchN
#
# No core dump will be written. Core dumps have been disabled. To enable core dumping, try "ulimit -c unlimited" before starting Java again
#
# If you would like to submit a bug report, please visit:
#   https://bugreport.java.com/bugreport/crash.jsp
# The crash happened outside the Java Virtual Machine in native code.
# See problematic frame for where to report the bug.
#

---------------  S U M M A R Y ------------

Command Line: -javaagent:/Applications/IntelliJ IDEA CE.app/Contents/lib/idea_rt.jar=58935:/Applications/IntelliJ IDEA CE.app/Contents/bin -Dfile.encoding=UTF-8 --module-path=/Users/larisacring/.m2/repository/org/openjfx/javafx-media/17.0.0.1/javafx-media-17.0.0.1-mac-aarch64.jar:/Users/larisacring/.m2/repository/org/openjfx/javafx-web/17.0.0.1/javafx-web-17.0.0.1-mac-aarch64.jar:/Users/larisacring/.m2/repository/org/kordamp/ikonli/ikonli-core/12.2.0/ikonli-core-12.2.0.jar:/Users/larisacring/.m2/repository/net/synedra/validatorfx/0.1.13/validatorfx-0.1.13.jar:/Users/larisacring/Documents/CompSci/Interaction Design/WeatherApp/target/classes:/Users/larisacring/.m2/repository/org/openjfx/javafx-fxml/17.0.0.1/javafx-fxml-17.0.0.1-mac-aarch64.jar:/Users/larisacring/.m2/repository/com/dlsc/formsfx/formsfx-core/11.3.2/formsfx-core-11.3.2.jar:/Users/larisacring/.m2/repository/org/controlsfx/controlsfx/11.1.0/controlsfx-11.1.0.jar:/Users/larisacring/.m2/repository/org/openjfx/javafx-controls/17.0.0.1/javafx-controls-17.0.0.1-mac-aarch64.jar:/Users/larisacring/.m2/repository/org/kordamp/bootstrapfx/bootstrapfx-core/0.4.0/bootstrapfx-core-0.4.0.jar:/Users/larisacring/.m2/repository/org/kordamp/ikonli/ikonli-javafx/12.2.0/ikonli-javafx-12.2.0.jar:/Users/larisacring/.m2/repository/org/openjfx/javafx-base/17.0.0.1/javafx-base-17.0.0.1-mac-aarch64.jar:/Users/larisacring/.m2/repository/eu/hansolo/tilesfx/11.48/tilesfx-11.48.jar:/Users/larisacring/.m2/repository/org/openjfx/javafx-graphics/17.0.0.1/javafx-graphics-17.0.0.1-mac-aarch64.jar -Djdk.module.main=com.example.weatherapp com.example.weatherapp/com.example.weatherapp.HelloApplication

Host: "MacBookPro17,1" arm64 1 MHz, 8 cores, 16G, Darwin 21.4.0, macOS 12.3.1 (21E258)
Time: Thu May 12 14:31:02 2022 BST elapsed time: 7.659572 seconds (0d 0h 0m 7s)

---------------  T H R E A D  ---------------

Current thread (0x000000014d85d200):  JavaThread "InvokeLaterDispatcher" daemon [_thread_in_native, id=33543, stack(0x0000000280834000,0x0000000280a37000)]

Stack: [0x0000000280834000,0x0000000280a37000],  sp=0x0000000280a36780,  free space=2057k
Native frames: (J=compiled Java code, j=interpreted, Vv=VM code, C=native code)
v  ~StubRoutines::SafeFetchN
V  [libjvm.dylib+0x7a6bcc]  _ZN10OopStorage7releaseEPKP7oopDesc+0x20
V  [libjvm.dylib+0x4ba824]  jni_DeleteGlobalRef+0xd8
C  [libglass.dylib+0xab08]  -[GlassRunnable dealloc]+0x34
C  [Foundation+0x85618]  -[_NSThreadPerformInfo dealloc]+0x30
C  [Foundation+0x5198c]  -[NSObject(NSThreadPerformAdditions) performSelectorOnMainThread:withObject:waitUntilDone:]+0x88
C  0xdd2980010b91d8ac
j  com.sun.glass.ui.mac.MacApplication.submitForLaterInvocation(Ljava/lang/Runnable;)V+2 javafx.graphics
j  com.sun.glass.ui.InvokeLaterDispatcher.run()V+82 javafx.graphics
v  ~StubRoutines::call_stub
V  [libjvm.dylib+0x461d08]  _ZN9JavaCalls11call_helperEP9JavaValueRK12methodHandleP17JavaCallArgumentsP10JavaThread+0x38c
V  [libjvm.dylib+0x460d24]  _ZN9JavaCalls12call_virtualEP9JavaValueP5KlassP6SymbolS5_P17JavaCallArgumentsP10JavaThread+0x11c
V  [libjvm.dylib+0x460df0]  _ZN9JavaCalls12call_virtualEP9JavaValue6HandleP5KlassP6SymbolS6_P10JavaThread+0x64
V  [libjvm.dylib+0x515f04]  _ZL12thread_entryP10JavaThreadS0_+0xc4
V  [libjvm.dylib+0x9071ac]  _ZN10JavaThread17thread_main_innerEv+0x13c
V  [libjvm.dylib+0x9058c0]  _ZN6Thread8call_runEv+0x128
V  [libjvm.dylib+0x7ad7c8]  _ZL19thread_native_entryP6Thread+0x158
C  [libsystem_pthread.dylib+0x726c]  _pthread_start+0x94

Java frames: (J=compiled Java code, j=interpreted, Vv=VM code)
j  com.sun.glass.ui.mac.MacApplication._submitForLaterInvocation(Ljava/lang/Runnable;)V+0 javafx.graphics
j  com.sun.glass.ui.mac.MacApplication.submitForLaterInvocation(Ljava/lang/Runnable;)V+2 javafx.graphics
j  com.sun.glass.ui.InvokeLaterDispatcher.run()V+82 javafx.graphics
v  ~StubRoutines::call_stub

siginfo: si_signo: 10 (SIGBUS), si_code: 1 (BUS_ADRALN), si_addr: 0x000000010b9154f0

Register to memory mapping:

 x0=0x000000014c60e948 is a global jni handle
 x1=0x0 is NULL
 x2=0x000000070e09f6a8 is an oop: com.sun.glass.ui.InvokeLaterDispatcher$Future 
{0x000000070e09f6a8} - klass: 'com/sun/glass/ui/InvokeLaterDispatcher$Future'
 - ---- fields (total size 3 words):
 - private 'done' 'Z' @12  true
 - private final 'runnable' 'Ljava/lang/Runnable;' @16  a 'com/sun/javafx/application/PlatformImpl$$Lambda$111+0x0000000800c82640'{0x000000070e01cee8} (e1c039dd)
 - final synthetic 'this$0' 'Lcom/sun/glass/ui/InvokeLaterDispatcher;' @20  a 'com/sun/glass/ui/InvokeLaterDispatcher'{0x000000070e820028} (e1d04005)
 x3=0x0 is NULL
 x4=0x00000000000130a8 is an unknown value
 x5=0x0 is NULL
 x6=0x0 is NULL
 x7=0x0 is NULL
 x8=0x000000010b9154ec is at begin+0 in a stub
StubRoutines::SafeFetchN [0x000000010b9154ec, 0x000000010b9154f8] (12 bytes)
 x9=0x0 is NULL
x10=0x2010000030300000 is an unknown value
x11=0x0000000000000007 is an unknown value
x12=0x0000000000000004 is an unknown value
x13=0x00006000021cc630 points into unknown readable memory: 0xec26800125a429e8 | e8 29 a4 25 01 80 26 ec
x14=0x0000050000000000 is an unknown value
x15=0x0000000125a7df98: OBJC_CLASS_$_GlassRunnable+0 in /Users/larisacring/.openjfx/cache/17.0.0.1/libglass.dylib at 0x0000000125a38000
x16=0x000000018f2190fc: pthread_getspecific+0 in /usr/lib/system/libsystem_pthread.dylib at 0x000000018f217000
x17=0x0000600002bfe9a0 points into unknown readable memory: 0xfffffffffffffffe | fe ff ff ff ff ff ff ff
x18=0x0 is NULL
x19=0x00006000024f1ab0 points into unknown readable memory: 0x0000600000df5760 | 60 57 df 00 00 60 00 00
x20=0x000000014c60e740 points into unknown readable memory: 0xad9e2edf6a50d70e | 0e d7 50 6a df 2e 9e ad
x21=0x000000014c60e948 is a global jni handle
x22=0x000000014d85d200 is a thread
x23=0x0000000000000001 is an unknown value
x24=0x000000014c60e900 is a global jni handle
x25=0x0000000103dd55e8: _ZN12StubRoutines17_safefetchN_entryE+0 in /Users/larisacring/Library/Java/JavaVirtualMachines/openjdk-17.0.2/Contents/Home/lib/server/libjvm.dylib at 0x0000000103224000
x26=0x0000000126119a88 is pointing into metadata
x27=0x0 is NULL
x28=0x000000014d85d200 is a thread


Registers:
 x0=0x000000014c60e948  x1=0x0000000000000000  x2=0x000000070e09f6a8  x3=0x0000000000000000
 x4=0x00000000000130a8  x5=0x0000000000000000  x6=0x0000000000000000  x7=0x0000000000000000
 x8=0x000000010b9154ec  x9=0x0000000000000000 x10=0x2010000030300000 x11=0x0000000000000007
x12=0x0000000000000004 x13=0x00006000021cc630 x14=0x0000050000000000 x15=0x0000000125a7df98
x16=0x000000018f2190fc x17=0x0000600002bfe9a0 x18=0x0000000000000000 x19=0x00006000024f1ab0
x20=0x000000014c60e740 x21=0x000000014c60e948 x22=0x000000014d85d200 x23=0x0000000000000001
x24=0x000000014c60e900 x25=0x0000000103dd55e8 x26=0x0000000126119a88 x27=0x0000000000000000
x28=0x000000014d85d200  fp=0x0000000280a367c0  lr=0x00000001039c999c  sp=0x0000000280a36780
pc=0x000000010b9154f0 cpsr=0x0000000060001000
Top of Stack: (sp=0x0000000280a36780)
0x0000000280a36780:   0000000126119a88 0000000000000001
0x0000000280a36790:   0000000280a36988 0000000000000000
0x0000000280a367a0:   000000014d85daa8 000000014c60e930
0x0000000280a367b0:   000000014c60e930 00006000024f1ab0
0x0000000280a367c0:   0000000280a36800 00000001039cabcc
0x0000000280a367d0:   0000000000000001 000000014c60e930
0x0000000280a367e0:   000000014d85daa8 000000014c60e930
0x0000000280a367f0:   0000000000000001 000000014d85d800
0x0000000280a36800:   0000000280a36840 00000001036de824
0x0000000280a36810:   0000000280a36988 0000600000dd06b0
0x0000000280a36820:   0000600000dd06c0 00000001d92debe0
0x0000000280a36830:   0000000000000000 0000600000dd06c0
0x0000000280a36840:   0000000280a36870 0000000125a42b08
0x0000000280a36850:   1a1b626ba75500ec 0000000000000000
0x0000000280a36860:   0000000000000000 0000600001ada500
0x0000000280a36870:   0000000280a368b0 00000001901e6618
0x0000000280a36880:   0000000280a36988 0000600000dd06b0
0x0000000280a36890:   0000600000dd06c0 1a1b626ba75500ec
0x0000000280a368a0:   0000000000000000 0000000000000000
0x0000000280a368b0:   0000000280a368f0 e5128001901b298c
0x0000000280a368c0:   0000000280a36988 000000010b91c7c0
0x0000000280a368d0:   0000000000000000 0000000103ddcfa8
0x0000000280a368e0:   0000000280a36900 000000010b91b730
0x0000000280a368f0:   0000000280a36960 dd2980010b91d8ac
0x0000000280a36900:   0000000280a36900 000000080098b325
0x0000000280a36910:   0000000280a36910 0000000000000000
0x0000000280a36920:   0000000280a36988 0000000126119a88
0x0000000280a36930:   000000070e816d90 0000000000000000
0x0000000280a36940:   0000000000000000 00000001260f7f78
0x0000000280a36950:   0000000000000000 0000000280a36960
0x0000000280a36960:   0000000280a369e0 000000010b919fc8
0x0000000280a36970:   0000000000000000 0000000000000000 

Instructions: (pc=0x000000010b9154f0)
0x000000010b9153f0:   f2a07b49 f2c00029 6d425935 1e640886
0x000000010b915400:   0c402d31 1e6408c7 1f5654d0 1e6c1017
0x000000010b915410:   1f5050d0 1f504cd0 1f5048d0 1e650af6
0x000000010b915420:   1f50d8f6 1f5694d6 1f5158f6 1e762880
0x000000010b915430:   36000501 1e614000 14000026 2e251ca5
0x000000010b915440:   d2843009 f2a07b49 f2c00029 6d425d36
0x000000010b915450:   1e600806 0c402d32 1f5758c7 1e6c101a
0x000000010b915460:   1f4754c7 1e650805 1f4750c7 d2866668
0x000000010b915470:   f2a7fa68 1f474cc7 1e6608c0 1f4748c7
0x000000010b915480:   1e6e1019 eb08007f 540000ac 1f479400
0x000000010b915490:   1f460340 1e603b20 1400000e d2a7fd29
0x000000010b9154a0:   eb09007f 540000ac 51480069 d3607d29
0x000000010b9154b0:   9e670121 14000002 1e6a5001 1f679417
0x000000010b9154c0:   1f668742 1e613b23 1e773857 1e773860
0x000000010b9154d0:   a8c17ff3 910003bf a8c17bfd d65f03c0
0x000000010b9154e0:   b9400001 aa0103e0 d65f03c0 f9400001
0x000000010b9154f0:   aa0103e0 d65f03c0 00000000 00000000
0x000000010b915500:   00000000 00000000 00000000 00000000
0x000000010b915510:   00000000 00000000 00000000 00000000
0x000000010b915520:   00000000 00000000 00000000 00000000
0x000000010b915530:   00000000 00000000 00000000 00000000
0x000000010b915540:   00000000 00000000 00000000 00000000
0x000000010b915550:   00000000 00000000 00000000 00000000
0x000000010b915560:   00000000 00000000 00000000 00000000
0x000000010b915570:   00000000 00000000 00000000 00000000
0x000000010b915580:   00000000 00000000 00000000 00000000
0x000000010b915590:   00000000 00000000 00000000 00000000
0x000000010b9155a0:   00000000 00000000 00000000 00000000
0x000000010b9155b0:   00000000 00000000 00000000 00000000
0x000000010b9155c0:   00000000 00000000 00000000 00000000
0x000000010b9155d0:   00000000 00000000 00000000 00000000
0x000000010b9155e0:   00000000 00000000 00000000 00000000 


Stack slot to memory mapping:
stack at sp + 0 slots: 0x0000000126119a88 is pointing into metadata
stack at sp + 1 slots: 0x0000000000000001 is an unknown value
stack at sp + 2 slots: 0x0000000280a36988 is pointing into the stack for thread: 0x000000014d85d200
stack at sp + 3 slots: 0x0 is NULL
stack at sp + 4 slots: 0x000000014d85daa8 points into unknown readable memory: 0x0000000103d92738 | 38 27 d9 03 01 00 00 00
stack at sp + 5 slots: 0x000000014c60e930 is a global jni handle
stack at sp + 6 slots: 0x000000014c60e930 is a global jni handle
stack at sp + 7 slots: 0x00006000024f1ab0 points into unknown readable memory: 0x0000600000df5760 | 60 57 df 00 00 60 00 00

StubRoutines::SafeFetchN [0x000000010b9154ec, 0x000000010b9154f8] (12 bytes)
[MachCode]
  0x000000010b9154ec: 0100 40f9 | e003 01aa | c003 5fd6 
[/MachCode]

---------------  P R O C E S S  ---------------

Threads class SMR info:
_java_thread_list=0x0000600000fd5860, length=20, elements={
0x000000014c80ea00, 0x000000014c85da00, 0x000000014c860200, 0x000000014c864c00,
0x000000012d01c200, 0x000000012d01c800, 0x000000012c8a8200, 0x000000012c8aae00,
0x000000012c8b3400, 0x000000014d811c00, 0x000000014d80de00, 0x000000012c90c200,
0x00000001290d5e00, 0x000000014d85d200, 0x000000014d85d800, 0x000000014c8e8c00,
0x000000014d887000, 0x000000012918cc00, 0x00000001291aac00, 0x000000012f009000
}

Java Threads: ( => current thread )
  0x000000014c80ea00 JavaThread "main" [_thread_blocked, id=10243, stack(0x000000016dde8000,0x000000016dfeb000)]
  0x000000014c85da00 JavaThread "Reference Handler" daemon [_thread_blocked, id=16387, stack(0x000000016ec3c000,0x000000016ee3f000)]
  0x000000014c860200 JavaThread "Finalizer" daemon [_thread_blocked, id=15363, stack(0x000000016ee48000,0x000000016f04b000)]
  0x000000014c864c00 JavaThread "Signal Dispatcher" daemon [_thread_blocked, id=22787, stack(0x000000016f16c000,0x000000016f36f000)]
  0x000000012d01c200 JavaThread "Service Thread" daemon [_thread_blocked, id=41987, stack(0x000000016f378000,0x000000016f57b000)]
  0x000000012d01c800 JavaThread "Monitor Deflation Thread" daemon [_thread_blocked, id=23043, stack(0x000000016f584000,0x000000016f787000)]
  0x000000012c8a8200 JavaThread "C2 CompilerThread0" daemon [_thread_blocked, id=41475, stack(0x000000016f790000,0x000000016f993000)]
  0x000000012c8aae00 JavaThread "C1 CompilerThread0" daemon [_thread_blocked, id=23555, stack(0x000000016f99c000,0x000000016fb9f000)]
  0x000000012c8b3400 JavaThread "Sweeper thread" daemon [_thread_blocked, id=24067, stack(0x000000016fba8000,0x000000016fdab000)]
  0x000000014d811c00 JavaThread "Common-Cleaner" daemon [_thread_blocked, id=40963, stack(0x000000016fdb4000,0x000000016ffb7000)]
  0x000000014d80de00 JavaThread "Monitor Ctrl-Break" daemon [_thread_in_native, id=24835, stack(0x0000000280004000,0x0000000280207000)]
  0x000000012c90c200 JavaThread "Notification Thread" daemon [_thread_blocked, id=40451, stack(0x0000000280210000,0x0000000280413000)]
  0x00000001290d5e00 JavaThread "QuantumRenderer-0" daemon [_thread_blocked, id=39683, stack(0x0000000280628000,0x000000028082b000)]
=>0x000000014d85d200 JavaThread "InvokeLaterDispatcher" daemon [_thread_in_native, id=33543, stack(0x0000000280834000,0x0000000280a37000)]
  0x000000014d85d800 JavaThread "JavaFX Application Thread" [_thread_in_vm, id=259, stack(0x000000016d560000,0x000000016dd5c000)]
  0x000000014c8e8c00 JavaThread "JavaFX-Launcher" [_thread_blocked, id=54791, stack(0x0000000280d64000,0x0000000280f67000)]
  0x000000014d887000 JavaThread "Attach Listener" daemon [_thread_blocked, id=59395, stack(0x000000028620c000,0x000000028640f000)]
  0x000000012918cc00 JavaThread "Prism Font Disposer" daemon [_thread_blocked, id=70155, stack(0x0000000286418000,0x000000028661b000)]
  0x00000001291aac00 JavaThread "Cleaner-0" daemon [_thread_blocked, id=70663, stack(0x0000000286624000,0x0000000286827000)]
  0x000000012f009000 JavaThread "PulseTimer-CVDisplayLink thread" daemon [_thread_in_native, id=1391, stack(0x0000000280a40000,0x0000000280ac3000)]

Other Threads:
  0x000000014c60b710 VMThread "VM Thread" [stack: 0x000000016ea30000,0x000000016ec33000] [id=14595]
  0x0000000102f052a0 WatcherThread [stack: 0x000000028041c000,0x000000028061f000] [id=39939]
  0x000000014c607cf0 GCTaskThread "GC Thread#0" [stack: 0x000000016dff4000,0x000000016e1f7000] [id=12291]
  0x00000001030206b0 GCTaskThread "GC Thread#1" [stack: 0x0000000280f70000,0x0000000281173000] [id=72195]
  0x000000014e0301f0 GCTaskThread "GC Thread#2" [stack: 0x000000028117c000,0x000000028137f000] [id=71939]
  0x000000014c637710 GCTaskThread "GC Thread#3" [stack: 0x0000000281388000,0x000000028158b000] [id=58115]
  0x000000014c637f80 GCTaskThread "GC Thread#4" [stack: 0x0000000281594000,0x0000000281797000] [id=71171]
  0x000000014c6387f0 GCTaskThread "GC Thread#5" [stack: 0x00000002817a0000,0x00000002819a3000] [id=70915]
  0x000000014c6083a0 ConcurrentGCThread "G1 Main Marker" [stack: 0x000000016e200000,0x000000016e403000] [id=12803]
  0x000000014c608c20 ConcurrentGCThread "G1 Conc#0" [stack: 0x000000016e40c000,0x000000016e60f000] [id=13571]
  0x000000013c7057c0 ConcurrentGCThread "G1 Refine#0" [stack: 0x000000016e618000,0x000000016e81b000] [id=13827]
  0x000000013c6041e0 ConcurrentGCThread "G1 Service" [stack: 0x000000016e824000,0x000000016ea27000] [id=18691]

Threads with active compile tasks:

VM state: not at safepoint (normal execution)

VM Mutex/Monitor currently owned by a thread: None

Heap address: 0x0000000700000000, size: 4096 MB, Compressed Oops mode: Zero based, Oop shift amount: 3

CDS archive(s) mapped at: [0x0000000800000000-0x0000000800bd4000-0x0000000800bd4000), size 12402688, SharedBaseAddress: 0x0000000800000000, ArchiveRelocationMode: 0.
Compressed class space mapped at: 0x0000000800c00000-0x0000000840c00000, reserved size: 1073741824
Narrow klass base: 0x0000000800000000, Narrow klass shift: 0, Narrow klass range: 0x100000000

GC Precious Log:
 CPUs: 8 total, 8 available
 Memory: 16384M
 Large Page Support: Disabled
 NUMA Support: Disabled
 Compressed Oops: Enabled (Zero based)
 Heap Region Size: 2M
 Heap Min Capacity: 8M
 Heap Initial Capacity: 256M
 Heap Max Capacity: 4G
 Pre-touch: Disabled
 Parallel Workers: 8
 Concurrent Workers: 2
 Concurrent Refinement Workers: 8
 Periodic GC: Disabled

Heap:
 garbage-first heap   total 266240K, used 33518K [0x0000000700000000, 0x0000000800000000)
  region size 2048K, 16 young (32768K), 2 survivors (4096K)
 Metaspace       used 12750K, committed 12992K, reserved 1064960K
  class space    used 1769K, committed 1920K, reserved 1048576K

Heap Regions: E=young(eden), S=young(survivor), O=old, HS=humongous(starts), HC=humongous(continues), CS=collection set, F=free, OA=open archive, CA=closed archive, TAMS=top-at-mark-start (previous, next)
|   0|0x0000000700000000, 0x0000000700200000, 0x0000000700200000|100%|HS|  |TAMS 0x0000000700000000, 0x0000000700000000| Complete 
|   1|0x0000000700200000, 0x0000000700200000, 0x0000000700400000|  0%| F|  |TAMS 0x0000000700200000, 0x0000000700200000| Untracked 
|   2|0x0000000700400000, 0x0000000700400000, 0x0000000700600000|  0%| F|  |TAMS 0x0000000700400000, 0x0000000700400000| Untracked 
|   3|0x0000000700600000, 0x0000000700600000, 0x0000000700800000|  0%| F|  |TAMS 0x0000000700600000, 0x0000000700600000| Untracked 
|   4|0x0000000700800000, 0x0000000700800000, 0x0000000700a00000|  0%| F|  |TAMS 0x0000000700800000, 0x0000000700800000| Untracked 
|   5|0x0000000700a00000, 0x0000000700a00000, 0x0000000700c00000|  0%| F|  |TAMS 0x0000000700a00000, 0x0000000700a00000| Untracked 
|   6|0x0000000700c00000, 0x0000000700c00000, 0x0000000700e00000|  0%| F|  |TAMS 0x0000000700c00000, 0x0000000700c00000| Untracked 
|   7|0x0000000700e00000, 0x0000000700e00000, 0x0000000701000000|  0%| F|  |TAMS 0x0000000700e00000, 0x0000000700e00000| Untracked 
|   8|0x0000000701000000, 0x0000000701000000, 0x0000000701200000|  0%| F|  |TAMS 0x0000000701000000, 0x0000000701000000| Untracked 
|   9|0x0000000701200000, 0x0000000701200000, 0x0000000701400000|  0%| F|  |TAMS 0x0000000701200000, 0x0000000701200000| Untracked 
|  10|0x0000000701400000, 0x0000000701400000, 0x0000000701600000|  0%| F|  |TAMS 0x0000000701400000, 0x0000000701400000| Untracked 
|  11|0x0000000701600000, 0x0000000701600000, 0x0000000701800000|  0%| F|  |TAMS 0x0000000701600000, 0x0000000701600000| Untracked 
|  12|0x0000000701800000, 0x0000000701800000, 0x0000000701a00000|  0%| F|  |TAMS 0x0000000701800000, 0x0000000701800000| Untracked 
|  13|0x0000000701a00000, 0x0000000701a00000, 0x0000000701c00000|  0%| F|  |TAMS 0x0000000701a00000, 0x0000000701a00000| Untracked 
|  14|0x0000000701c00000, 0x0000000701c00000, 0x0000000701e00000|  0%| F|  |TAMS 0x0000000701c00000, 0x0000000701c00000| Untracked 
|  15|0x0000000701e00000, 0x0000000701e00000, 0x0000000702000000|  0%| F|  |TAMS 0x0000000701e00000, 0x0000000701e00000| Untracked 
|  16|0x0000000702000000, 0x0000000702000000, 0x0000000702200000|  0%| F|  |TAMS 0x0000000702000000, 0x0000000702000000| Untracked 
|  17|0x0000000702200000, 0x0000000702200000, 0x0000000702400000|  0%| F|  |TAMS 0x0000000702200000, 0x0000000702200000| Untracked 
|  18|0x0000000702400000, 0x0000000702400000, 0x0000000702600000|  0%| F|  |TAMS 0x0000000702400000, 0x0000000702400000| Untracked 
|  19|0x0000000702600000, 0x0000000702600000, 0x0000000702800000|  0%| F|  |TAMS 0x0000000702600000, 0x0000000702600000| Untracked 
|  20|0x0000000702800000, 0x0000000702800000, 0x0000000702a00000|  0%| F|  |TAMS 0x0000000702800000, 0x0000000702800000| Untracked 
|  21|0x0000000702a00000, 0x0000000702a00000, 0x0000000702c00000|  0%| F|  |TAMS 0x0000000702a00000, 0x0000000702a00000| Untracked 
|  22|0x0000000702c00000, 0x0000000702c00000, 0x0000000702e00000|  0%| F|  |TAMS 0x0000000702c00000, 0x0000000702c00000| Untracked 
|  23|0x0000000702e00000, 0x0000000702e00000, 0x0000000703000000|  0%| F|  |TAMS 0x0000000702e00000, 0x0000000702e00000| Untracked 
|  24|0x0000000703000000, 0x0000000703000000, 0x0000000703200000|  0%| F|  |TAMS 0x0000000703000000, 0x0000000703000000| Untracked 
|  25|0x0000000703200000, 0x0000000703200000, 0x0000000703400000|  0%| F|  |TAMS 0x0000000703200000, 0x0000000703200000| Untracked 
|  26|0x0000000703400000, 0x0000000703400000, 0x0000000703600000|  0%| F|  |TAMS 0x0000000703400000, 0x0000000703400000| Untracked 
|  27|0x0000000703600000, 0x0000000703600000, 0x0000000703800000|  0%| F|  |TAMS 0x0000000703600000, 0x0000000703600000| Untracked 
|  28|0x0000000703800000, 0x0000000703800000, 0x0000000703a00000|  0%| F|  |TAMS 0x0000000703800000, 0x0000000703800000| Untracked 
|  29|0x0000000703a00000, 0x0000000703a00000, 0x0000000703c00000|  0%| F|  |TAMS 0x0000000703a00000, 0x0000000703a00000| Untracked 
|  30|0x0000000703c00000, 0x0000000703c00000, 0x0000000703e00000|  0%| F|  |TAMS 0x0000000703c00000, 0x0000000703c00000| Untracked 
|  31|0x0000000703e00000, 0x0000000703e00000, 0x0000000704000000|  0%| F|  |TAMS 0x0000000703e00000, 0x0000000703e00000| Untracked 
|  32|0x0000000704000000, 0x0000000704000000, 0x0000000704200000|  0%| F|  |TAMS 0x0000000704000000, 0x0000000704000000| Untracked 
|  33|0x0000000704200000, 0x0000000704200000, 0x0000000704400000|  0%| F|  |TAMS 0x0000000704200000, 0x0000000704200000| Untracked 
|  34|0x0000000704400000, 0x0000000704400000, 0x0000000704600000|  0%| F|  |TAMS 0x0000000704400000, 0x0000000704400000| Untracked 
|  35|0x0000000704600000, 0x0000000704600000, 0x0000000704800000|  0%| F|  |TAMS 0x0000000704600000, 0x0000000704600000| Untracked 
|  36|0x0000000704800000, 0x0000000704800000, 0x0000000704a00000|  0%| F|  |TAMS 0x0000000704800000, 0x0000000704800000| Untracked 
|  37|0x0000000704a00000, 0x0000000704a00000, 0x0000000704c00000|  0%| F|  |TAMS 0x0000000704a00000, 0x0000000704a00000| Untracked 
|  38|0x0000000704c00000, 0x0000000704c00000, 0x0000000704e00000|  0%| F|  |TAMS 0x0000000704c00000, 0x0000000704c00000| Untracked 
|  39|0x0000000704e00000, 0x0000000704e00000, 0x0000000705000000|  0%| F|  |TAMS 0x0000000704e00000, 0x0000000704e00000| Untracked 
|  40|0x0000000705000000, 0x0000000705000000, 0x0000000705200000|  0%| F|  |TAMS 0x0000000705000000, 0x0000000705000000| Untracked 
|  41|0x0000000705200000, 0x0000000705200000, 0x0000000705400000|  0%| F|  |TAMS 0x0000000705200000, 0x0000000705200000| Untracked 
|  42|0x0000000705400000, 0x0000000705400000, 0x0000000705600000|  0%| F|  |TAMS 0x0000000705400000, 0x0000000705400000| Untracked 
|  43|0x0000000705600000, 0x0000000705600000, 0x0000000705800000|  0%| F|  |TAMS 0x0000000705600000, 0x0000000705600000| Untracked 
|  44|0x0000000705800000, 0x0000000705800000, 0x0000000705a00000|  0%| F|  |TAMS 0x0000000705800000, 0x0000000705800000| Untracked 
|  45|0x0000000705a00000, 0x0000000705a00000, 0x0000000705c00000|  0%| F|  |TAMS 0x0000000705a00000, 0x0000000705a00000| Untracked 
|  46|0x0000000705c00000, 0x0000000705c00000, 0x0000000705e00000|  0%| F|  |TAMS 0x0000000705c00000, 0x0000000705c00000| Untracked 
|  47|0x0000000705e00000, 0x0000000705e00000, 0x0000000706000000|  0%| F|  |TAMS 0x0000000705e00000, 0x0000000705e00000| Untracked 
|  48|0x0000000706000000, 0x0000000706000000, 0x0000000706200000|  0%| F|  |TAMS 0x0000000706000000, 0x0000000706000000| Untracked 
|  49|0x0000000706200000, 0x0000000706200000, 0x0000000706400000|  0%| F|  |TAMS 0x0000000706200000, 0x0000000706200000| Untracked 
|  50|0x0000000706400000, 0x0000000706400000, 0x0000000706600000|  0%| F|  |TAMS 0x0000000706400000, 0x0000000706400000| Untracked 
|  51|0x0000000706600000, 0x0000000706600000, 0x0000000706800000|  0%| F|  |TAMS 0x0000000706600000, 0x0000000706600000| Untracked 
|  52|0x0000000706800000, 0x0000000706800000, 0x0000000706a00000|  0%| F|  |TAMS 0x0000000706800000, 0x0000000706800000| Untracked 
|  53|0x0000000706a00000, 0x0000000706a00000, 0x0000000706c00000|  0%| F|  |TAMS 0x0000000706a00000, 0x0000000706a00000| Untracked 
|  54|0x0000000706c00000, 0x0000000706c00000, 0x0000000706e00000|  0%| F|  |TAMS 0x0000000706c00000, 0x0000000706c00000| Untracked 
|  55|0x0000000706e00000, 0x0000000706e00000, 0x0000000707000000|  0%| F|  |TAMS 0x0000000706e00000, 0x0000000706e00000| Untracked 
|  56|0x0000000707000000, 0x0000000707000000, 0x0000000707200000|  0%| F|  |TAMS 0x0000000707000000, 0x0000000707000000| Untracked 
|  57|0x0000000707200000, 0x0000000707200000, 0x0000000707400000|  0%| F|  |TAMS 0x0000000707200000, 0x0000000707200000| Untracked 
|  58|0x0000000707400000, 0x0000000707400000, 0x0000000707600000|  0%| F|  |TAMS 0x0000000707400000, 0x0000000707400000| Untracked 
|  59|0x0000000707600000, 0x0000000707600000, 0x0000000707800000|  0%| F|  |TAMS 0x0000000707600000, 0x0000000707600000| Untracked 
|  60|0x0000000707800000, 0x0000000707800000, 0x0000000707a00000|  0%| F|  |TAMS 0x0000000707800000, 0x0000000707800000| Untracked 
|  61|0x0000000707a00000, 0x0000000707a00000, 0x0000000707c00000|  0%| F|  |TAMS 0x0000000707a00000, 0x0000000707a00000| Untracked 
|  62|0x0000000707c00000, 0x0000000707c00000, 0x0000000707e00000|  0%| F|  |TAMS 0x0000000707c00000, 0x0000000707c00000| Untracked 
|  63|0x0000000707e00000, 0x0000000707e00000, 0x0000000708000000|  0%| F|  |TAMS 0x0000000707e00000, 0x0000000707e00000| Untracked 
|  64|0x0000000708000000, 0x0000000708000000, 0x0000000708200000|  0%| F|  |TAMS 0x0000000708000000, 0x0000000708000000| Untracked 
|  65|0x0000000708200000, 0x0000000708200000, 0x0000000708400000|  0%| F|  |TAMS 0x0000000708200000, 0x0000000708200000| Untracked 
|  66|0x0000000708400000, 0x0000000708400000, 0x0000000708600000|  0%| F|  |TAMS 0x0000000708400000, 0x0000000708400000| Untracked 
|  67|0x0000000708600000, 0x0000000708600000, 0x0000000708800000|  0%| F|  |TAMS 0x0000000708600000, 0x0000000708600000| Untracked 
|  68|0x0000000708800000, 0x0000000708800000, 0x0000000708a00000|  0%| F|  |TAMS 0x0000000708800000, 0x0000000708800000| Untracked 
|  69|0x0000000708a00000, 0x0000000708a00000, 0x0000000708c00000|  0%| F|  |TAMS 0x0000000708a00000, 0x0000000708a00000| Untracked 
|  70|0x0000000708c00000, 0x0000000708c00000, 0x0000000708e00000|  0%| F|  |TAMS 0x0000000708c00000, 0x0000000708c00000| Untracked 
|  71|0x0000000708e00000, 0x0000000708e00000, 0x0000000709000000|  0%| F|  |TAMS 0x0000000708e00000, 0x0000000708e00000| Untracked 
|  72|0x0000000709000000, 0x0000000709000000, 0x0000000709200000|  0%| F|  |TAMS 0x0000000709000000, 0x0000000709000000| Untracked 
|  73|0x0000000709200000, 0x0000000709200000, 0x0000000709400000|  0%| F|  |TAMS 0x0000000709200000, 0x0000000709200000| Untracked 
|  74|0x0000000709400000, 0x0000000709400000, 0x0000000709600000|  0%| F|  |TAMS 0x0000000709400000, 0x0000000709400000| Untracked 
|  75|0x0000000709600000, 0x0000000709600000, 0x0000000709800000|  0%| F|  |TAMS 0x0000000709600000, 0x0000000709600000| Untracked 
|  76|0x0000000709800000, 0x0000000709800000, 0x0000000709a00000|  0%| F|  |TAMS 0x0000000709800000, 0x0000000709800000| Untracked 
|  77|0x0000000709a00000, 0x0000000709a00000, 0x0000000709c00000|  0%| F|  |TAMS 0x0000000709a00000, 0x0000000709a00000| Untracked 
|  78|0x0000000709c00000, 0x0000000709c00000, 0x0000000709e00000|  0%| F|  |TAMS 0x0000000709c00000, 0x0000000709c00000| Untracked 
|  79|0x0000000709e00000, 0x0000000709e00000, 0x000000070a000000|  0%| F|  |TAMS 0x0000000709e00000, 0x0000000709e00000| Untracked 
|  80|0x000000070a000000, 0x000000070a000000, 0x000000070a200000|  0%| F|  |TAMS 0x000000070a000000, 0x000000070a000000| Untracked 
|  81|0x000000070a200000, 0x000000070a200000, 0x000000070a400000|  0%| F|  |TAMS 0x000000070a200000, 0x000000070a200000| Untracked 
|  82|0x000000070a400000, 0x000000070a400000, 0x000000070a600000|  0%| F|  |TAMS 0x000000070a400000, 0x000000070a400000| Untracked 
|  83|0x000000070a600000, 0x000000070a600000, 0x000000070a800000|  0%| F|  |TAMS 0x000000070a600000, 0x000000070a600000| Untracked 
|  84|0x000000070a800000, 0x000000070a800000, 0x000000070aa00000|  0%| F|  |TAMS 0x000000070a800000, 0x000000070a800000| Untracked 
|  85|0x000000070aa00000, 0x000000070aa00000, 0x000000070ac00000|  0%| F|  |TAMS 0x000000070aa00000, 0x000000070aa00000| Untracked 
|  86|0x000000070ac00000, 0x000000070ac00000, 0x000000070ae00000|  0%| F|  |TAMS 0x000000070ac00000, 0x000000070ac00000| Untracked 
|  87|0x000000070ae00000, 0x000000070ae00000, 0x000000070b000000|  0%| F|  |TAMS 0x000000070ae00000, 0x000000070ae00000| Untracked 
|  88|0x000000070b000000, 0x000000070b000000, 0x000000070b200000|  0%| F|  |TAMS 0x000000070b000000, 0x000000070b000000| Untracked 
|  89|0x000000070b200000, 0x000000070b200000, 0x000000070b400000|  0%| F|  |TAMS 0x000000070b200000, 0x000000070b200000| Untracked 
|  90|0x000000070b400000, 0x000000070b400000, 0x000000070b600000|  0%| F|  |TAMS 0x000000070b400000, 0x000000070b400000| Untracked 
|  91|0x000000070b600000, 0x000000070b600000, 0x000000070b800000|  0%| F|  |TAMS 0x000000070b600000, 0x000000070b600000| Untracked 
|  92|0x000000070b800000, 0x000000070b800000, 0x000000070ba00000|  0%| F|  |TAMS 0x000000070b800000, 0x000000070b800000| Untracked 
|  93|0x000000070ba00000, 0x000000070ba00000, 0x000000070bc00000|  0%| F|  |TAMS 0x000000070ba00000, 0x000000070ba00000| Untracked 
|  94|0x000000070bc00000, 0x000000070bc00000, 0x000000070be00000|  0%| F|  |TAMS 0x000000070bc00000, 0x000000070bc00000| Untracked 
|  95|0x000000070be00000, 0x000000070be00000, 0x000000070c000000|  0%| F|  |TAMS 0x000000070be00000, 0x000000070be00000| Untracked 
|  96|0x000000070c000000, 0x000000070c000000, 0x000000070c200000|  0%| F|  |TAMS 0x000000070c000000, 0x000000070c000000| Untracked 
|  97|0x000000070c200000, 0x000000070c200000, 0x000000070c400000|  0%| F|  |TAMS 0x000000070c200000, 0x000000070c200000| Untracked 
|  98|0x000000070c400000, 0x000000070c400000, 0x000000070c600000|  0%| F|  |TAMS 0x000000070c400000, 0x000000070c400000| Untracked 
|  99|0x000000070c600000, 0x000000070c600000, 0x000000070c800000|  0%| F|  |TAMS 0x000000070c600000, 0x000000070c600000| Untracked 
| 100|0x000000070c800000, 0x000000070c800000, 0x000000070ca00000|  0%| F|  |TAMS 0x000000070c800000, 0x000000070c800000| Untracked 
| 101|0x000000070ca00000, 0x000000070ca00000, 0x000000070cc00000|  0%| F|  |TAMS 0x000000070ca00000, 0x000000070ca00000| Untracked 
| 102|0x000000070cc00000, 0x000000070cc00000, 0x000000070ce00000|  0%| F|  |TAMS 0x000000070cc00000, 0x000000070cc00000| Untracked 
| 103|0x000000070ce00000, 0x000000070ce00000, 0x000000070d000000|  0%| F|  |TAMS 0x000000070ce00000, 0x000000070ce00000| Untracked 
| 104|0x000000070d000000, 0x000000070d000000, 0x000000070d200000|  0%| F|  |TAMS 0x000000070d000000, 0x000000070d000000| Untracked 
| 105|0x000000070d200000, 0x000000070d200000, 0x000000070d400000|  0%| F|  |TAMS 0x000000070d200000, 0x000000070d200000| Untracked 
| 106|0x000000070d400000, 0x000000070d400000, 0x000000070d600000|  0%| F|  |TAMS 0x000000070d400000, 0x000000070d400000| Untracked 
| 107|0x000000070d600000, 0x000000070d600000, 0x000000070d800000|  0%| F|  |TAMS 0x000000070d600000, 0x000000070d600000| Untracked 
| 108|0x000000070d800000, 0x000000070d800000, 0x000000070da00000|  0%| F|  |TAMS 0x000000070d800000, 0x000000070d800000| Untracked 
| 109|0x000000070da00000, 0x000000070da00000, 0x000000070dc00000|  0%| F|  |TAMS 0x000000070da00000, 0x000000070da00000| Untracked 
| 110|0x000000070dc00000, 0x000000070dc00000, 0x000000070de00000|  0%| F|  |TAMS 0x000000070dc00000, 0x000000070dc00000| Untracked 
| 111|0x000000070de00000, 0x000000070de00000, 0x000000070e000000|  0%| F|  |TAMS 0x000000070de00000, 0x000000070de00000| Untracked 
| 112|0x000000070e000000, 0x000000070e14b288, 0x000000070e200000| 64%| E|  |TAMS 0x000000070e000000, 0x000000070e000000| Complete 
| 113|0x000000070e200000, 0x000000070e400000, 0x000000070e400000|100%| E|CS|TAMS 0x000000070e200000, 0x000000070e200000| Complete 
| 114|0x000000070e400000, 0x000000070e600000, 0x000000070e600000|100%| E|CS|TAMS 0x000000070e400000, 0x000000070e400000| Complete 
| 115|0x000000070e600000, 0x000000070e6c3b18, 0x000000070e800000| 38%| S|CS|TAMS 0x000000070e600000, 0x000000070e600000| Complete 
| 116|0x000000070e800000, 0x000000070ea00000, 0x000000070ea00000|100%| S|CS|TAMS 0x000000070e800000, 0x000000070e800000| Complete 
| 117|0x000000070ea00000, 0x000000070ec00000, 0x000000070ec00000|100%| E|CS|TAMS 0x000000070ea00000, 0x000000070ea00000| Complete 
| 118|0x000000070ec00000, 0x000000070ee00000, 0x000000070ee00000|100%| E|CS|TAMS 0x000000070ec00000, 0x000000070ec00000| Complete 
| 119|0x000000070ee00000, 0x000000070f000000, 0x000000070f000000|100%| E|CS|TAMS 0x000000070ee00000, 0x000000070ee00000| Complete 
| 120|0x000000070f000000, 0x000000070f200000, 0x000000070f200000|100%| E|CS|TAMS 0x000000070f000000, 0x000000070f000000| Complete 
| 121|0x000000070f200000, 0x000000070f400000, 0x000000070f400000|100%| E|CS|TAMS 0x000000070f200000, 0x000000070f200000| Complete 
| 122|0x000000070f400000, 0x000000070f600000, 0x000000070f600000|100%| E|CS|TAMS 0x000000070f400000, 0x000000070f400000| Complete 
| 123|0x000000070f600000, 0x000000070f800000, 0x000000070f800000|100%| E|CS|TAMS 0x000000070f600000, 0x000000070f600000| Complete 
| 124|0x000000070f800000, 0x000000070fa00000, 0x000000070fa00000|100%| E|CS|TAMS 0x000000070f800000, 0x000000070f800000| Complete 
| 125|0x000000070fa00000, 0x000000070fc00000, 0x000000070fc00000|100%| E|CS|TAMS 0x000000070fa00000, 0x000000070fa00000| Complete 
| 126|0x000000070fc00000, 0x000000070fe00000, 0x000000070fe00000|100%| E|CS|TAMS 0x000000070fc00000, 0x000000070fc00000| Complete 
| 127|0x000000070fe00000, 0x0000000710000000, 0x0000000710000000|100%| E|CS|TAMS 0x000000070fe00000, 0x000000070fe00000| Complete 
|2046|0x00000007ffc00000, 0x00000007ffd78000, 0x00000007ffe00000| 73%|OA|  |TAMS 0x00000007ffc00000, 0x00000007ffc00000| Untracked 
|2047|0x00000007ffe00000, 0x00000007ffe80000, 0x0000000800000000| 25%|CA|  |TAMS 0x00000007ffe00000, 0x00000007ffe00000| Untracked 

Card table byte_map: [0x000000011a914000,0x000000011b114000] _byte_map_base: 0x0000000117114000

Marking Bits (Prev, Next): (CMBitMap*) 0x000000014c843410, (CMBitMap*) 0x000000014c843450
 Prev Bits: [0x000000011b914000, 0x000000011f914000)
 Next Bits: [0x000000011f914000, 0x0000000123914000)

Polling page: 0x0000000102228000

Metaspace:

Usage:
  Non-class:     10.72 MB used.
      Class:      1.73 MB used.
       Both:     12.45 MB used.

Virtual space:
  Non-class space:       16.00 MB reserved,      10.81 MB ( 68%) committed,  2 nodes.
      Class space:        1.00 GB reserved,       1.88 MB ( <1%) committed,  1 nodes.
             Both:        1.02 GB reserved,      12.69 MB (  1%) committed. 

Chunk freelists:
   Non-Class:  833.00 KB
       Class:  2.10 MB
        Both:  2.91 MB

MaxMetaspaceSize: unlimited
CompressedClassSpaceSize: 1.00 GB
Initial GC threshold: 21.00 MB
Current GC threshold: 21.00 MB
CDS: on
MetaspaceReclaimPolicy: balanced
 - commit_granule_bytes: 65536.
 - commit_granule_words: 8192.
 - virtual_space_node_default_size: 1048576.
 - enlarge_chunks_in_place: 1.
 - new_chunks_are_fully_committed: 0.
 - uncommit_free_chunks: 1.
 - use_allocation_guard: 0.
 - handle_deallocations: 1.


Internal statistics:

num_allocs_failed_limit: 0.
num_arena_births: 204.
num_arena_deaths: 0.
num_vsnodes_births: 3.
num_vsnodes_deaths: 0.
num_space_committed: 203.
num_space_uncommitted: 0.
num_chunks_returned_to_freelist: 0.
num_chunks_taken_from_freelist: 591.
num_chunk_merges: 0.
num_chunk_splits: 416.
num_chunks_enlarged: 315.
num_purges: 0.
num_inconsistent_stats: 0.

CodeHeap 'non-profiled nmethods': size=120032Kb used=584Kb max_used=584Kb free=119447Kb
 bounds [0x00000001133dc000, 0x000000011364c000, 0x000000011a914000]
CodeHeap 'profiled nmethods': size=120016Kb used=2943Kb max_used=2943Kb free=117072Kb
 bounds [0x000000010bea8000, 0x000000010c188000, 0x00000001133dc000]
CodeHeap 'non-nmethods': size=5712Kb used=1358Kb max_used=1392Kb free=4353Kb
 bounds [0x000000010b914000, 0x000000010bb84000, 0x000000010bea8000]
 total_blobs=2355 nmethods=1611 adapters=661
 compilation: enabled
              stopped_count=0, restarted_count=0
 full_count=0

Compilation events (20 events):
Event: 7.583 Thread 0x000000012c8aae00 nmethod 1660 0x000000011346ad90 code [0x000000011346af00, 0x000000011346afe8]
Event: 7.590 Thread 0x000000012c8aae00 1661       3       java.util.WeakHashMap$HashIterator::<init> (41 bytes)
Event: 7.590 Thread 0x000000012c8aae00 nmethod 1661 0x000000010c17cb90 code [0x000000010c17cd80, 0x000000010c17d1d8]
Event: 7.607 Thread 0x000000012c8aae00 1662       3       java.util.WeakHashMap$HashIterator::nextEntry (81 bytes)
Event: 7.607 Thread 0x000000012c8aae00 nmethod 1662 0x000000010c17d390 code [0x000000010c17d580, 0x000000010c17db38]
Event: 7.607 Thread 0x000000012c8aae00 1663       3       java.util.WeakHashMap$Entry::getKey (8 bytes)
Event: 7.607 Thread 0x000000012c8aae00 nmethod 1663 0x000000010c17dd10 code [0x000000010c17dec0, 0x000000010c17e168]
Event: 7.657 Thread 0x000000012c8aae00 1664       1       javafx.css.StyleableObjectProperty::getStyleOrigin (5 bytes)
Event: 7.658 Thread 0x000000012c8aae00 nmethod 1664 0x000000011346b090 code [0x000000011346b200, 0x000000011346b2e8]
Event: 7.658 Thread 0x000000012c8aae00 1665       1       javafx.scene.layout.CornerRadii::getTopRightVerticalRadius (5 bytes)
Event: 7.658 Thread 0x000000012c8aae00 nmethod 1665 0x000000011346b390 code [0x000000011346b500, 0x000000011346b5e8]
Event: 7.658 Thread 0x000000012c8aae00 1666       1       javafx.scene.layout.CornerRadii::getTopRightHorizontalRadius (5 bytes)
Event: 7.658 Thread 0x000000012c8aae00 nmethod 1666 0x000000011346b690 code [0x000000011346b800, 0x000000011346b8e8]
Event: 7.658 Thread 0x000000012c8aae00 1667       1       javafx.scene.layout.CornerRadii::getBottomRightVerticalRadius (5 bytes)
Event: 7.658 Thread 0x000000012c8aae00 nmethod 1667 0x000000011346b990 code [0x000000011346bb00, 0x000000011346bbe8]
Event: 7.658 Thread 0x000000012c8aae00 1668       1       javafx.scene.layout.CornerRadii::getBottomRightHorizontalRadius (5 bytes)
Event: 7.658 Thread 0x000000012c8aae00 nmethod 1668 0x000000011346bc90 code [0x000000011346be00, 0x000000011346bee8]
Event: 7.658 Thread 0x000000012c8aae00 1669       1       javafx.scene.layout.CornerRadii::getBottomLeftVerticalRadius (5 bytes)
Event: 7.658 Thread 0x000000012c8aae00 nmethod 1669 0x000000011346bf90 code [0x000000011346c100, 0x000000011346c1e8]
Event: 7.658 Thread 0x000000012c8aae00 1670       1       javafx.scene.layout.CornerRadii::getBottomLeftHorizontalRadius (5 bytes)

GC Heap History (2 events):
Event: 0.832 GC heap before
{Heap before GC invocations=0 (full 0):
 garbage-first heap   total 266240K, used 22496K [0x0000000700000000, 0x0000000800000000)
  region size 2048K, 11 young (22528K), 0 survivors (0K)
 Metaspace       used 6176K, committed 6400K, reserved 1056768K
  class space    used 788K, committed 896K, reserved 1048576K
}
Event: 0.834 GC heap after
{Heap after GC invocations=1 (full 0):
 garbage-first heap   total 266240K, used 4846K [0x0000000700000000, 0x0000000800000000)
  region size 2048K, 2 young (4096K), 2 survivors (4096K)
 Metaspace       used 6176K, committed 6400K, reserved 1056768K
  class space    used 788K, committed 896K, reserved 1048576K
}

Deoptimization events (20 events):
Event: 5.208 Thread 0x00000001290d5e00 DEOPT PACKING pc=0x000000010c0f7fcc sp=0x00000002808294b0
Event: 5.208 Thread 0x00000001290d5e00 DEOPT UNPACKING pc=0x000000010b952b7c sp=0x0000000280829110 mode 0
Event: 5.210 Thread 0x00000001290d5e00 DEOPT PACKING pc=0x000000010c0f7fcc sp=0x00000002808294b0
Event: 5.210 Thread 0x00000001290d5e00 DEOPT UNPACKING pc=0x000000010b952b7c sp=0x0000000280829110 mode 0
Event: 5.889 Thread 0x000000014d85d800 Uncommon trap: trap_request=0xffffffde fr.pc=0x000000011345fa30 relative=0x00000000000000f0
Event: 5.889 Thread 0x000000014d85d800 Uncommon trap: reason=class_check action=maybe_recompile pc=0x000000011345fa30 method=jdk.internal.misc.Unsafe.allocateUninitializedArray(Ljava/lang/Class;I)Ljava/lang/Object; @ 51 c2
Event: 5.889 Thread 0x000000014d85d800 DEOPT PACKING pc=0x000000011345fa30 sp=0x000000016dd54350
Event: 5.889 Thread 0x000000014d85d800 DEOPT UNPACKING pc=0x000000010b952d1c sp=0x000000016dd542e0 mode 2
Event: 5.889 Thread 0x000000014d85d800 Uncommon trap: trap_request=0xffffffde fr.pc=0x000000011345fa30 relative=0x00000000000000f0
Event: 5.889 Thread 0x000000014d85d800 Uncommon trap: reason=class_check action=maybe_recompile pc=0x000000011345fa30 method=jdk.internal.misc.Unsafe.allocateUninitializedArray(Ljava/lang/Class;I)Ljava/lang/Object; @ 51 c2
Event: 5.889 Thread 0x000000014d85d800 DEOPT PACKING pc=0x000000011345fa30 sp=0x000000016dd54350
Event: 5.889 Thread 0x000000014d85d800 DEOPT UNPACKING pc=0x000000010b952d1c sp=0x000000016dd542e0 mode 2
Event: 5.890 Thread 0x000000014d85d800 Uncommon trap: trap_request=0xffffffde fr.pc=0x000000011345fa30 relative=0x00000000000000f0
Event: 5.890 Thread 0x000000014d85d800 Uncommon trap: reason=class_check action=maybe_recompile pc=0x000000011345fa30 method=jdk.internal.misc.Unsafe.allocateUninitializedArray(Ljava/lang/Class;I)Ljava/lang/Object; @ 51 c2
Event: 5.890 Thread 0x000000014d85d800 DEOPT PACKING pc=0x000000011345fa30 sp=0x000000016dd54350
Event: 5.890 Thread 0x000000014d85d800 DEOPT UNPACKING pc=0x000000010b952d1c sp=0x000000016dd542e0 mode 2
Event: 5.890 Thread 0x000000014d85d800 Uncommon trap: trap_request=0xffffffde fr.pc=0x000000011345fa30 relative=0x00000000000000f0
Event: 5.890 Thread 0x000000014d85d800 Uncommon trap: reason=class_check action=maybe_recompile pc=0x000000011345fa30 method=jdk.internal.misc.Unsafe.allocateUninitializedArray(Ljava/lang/Class;I)Ljava/lang/Object; @ 51 c2
Event: 5.890 Thread 0x000000014d85d800 DEOPT PACKING pc=0x000000011345fa30 sp=0x000000016dd54350
Event: 5.890 Thread 0x000000014d85d800 DEOPT UNPACKING pc=0x000000010b952d1c sp=0x000000016dd542e0 mode 2

Classes unloaded (0 events):
No events

Classes redefined (0 events):
No events

Internal exceptions (20 events):
Event: 0.836 Thread 0x000000014d85d800 Exception <a 'java/lang/NoSuchMethodError'{0x000000070fe811b8}: 'java.lang.Object java.lang.invoke.DirectMethodHandle$Holder.invokeStaticInit(java.lang.Object, java.lang.Object, java.lang.Object, java.lang.Object)'> (0x000000070fe811b8) 
thrown [open/src/hotspot/share/interpreter/linkResolver.cpp, line 766]
Event: 0.837 Thread 0x000000014d85d800 Exception <a 'java/lang/NullPointerException'{0x000000070fe8cec0}> (0x000000070fe8cec0) 
thrown [open/src/hotspot/share/interpreter/linkResolver.cpp, line 1357]
Event: 0.844 Thread 0x000000014d85d800 Exception <a 'java/lang/NoSuchMethodError'{0x000000070fc188c8}: 'java.lang.Object java.lang.invoke.DirectMethodHandle$Holder.invokeSpecial(java.lang.Object, java.lang.Object, java.lang.Object, int, java.lang.Object)'> (0x000000070fc188c8) 
thrown [open/src/hotspot/share/interpreter/linkResolver.cpp, line 766]
Event: 1.077 Thread 0x000000014d85d800 Exception <a 'java/lang/NoSuchMethodError'{0x000000070f6d8298}: 'void java.lang.invoke.DirectMethodHandle$Holder.invokeStaticInit(java.lang.Object, java.lang.Object)'> (0x000000070f6d8298) 
thrown [open/src/hotspot/share/interpreter/linkResolver.cpp, line 766]
Event: 1.091 Thread 0x000000014d85d800 Exception <a 'sun/nio/fs/UnixException'{0x000000070f422e40}> (0x000000070f422e40) 
thrown [open/src/hotspot/share/prims/jni.cpp, line 516]
Event: 1.096 Thread 0x000000014d85d800 Implicit null exception at 0x000000011341c1f8 to 0x000000011341c288
Event: 1.102 Thread 0x000000014d85d800 Implicit null exception at 0x0000000113428b54 to 0x0000000113428e64
Event: 1.139 Thread 0x000000014d85d800 Implicit null exception at 0x00000001134255d4 to 0x00000001134258a8
Event: 1.208 Thread 0x000000014d85d800 Exception <a 'java/lang/NoSuchMethodError'{0x000000070eeaa340}: 'java.lang.Object java.lang.invoke.DirectMethodHandle$Holder.invokeInterface(java.lang.Object, java.lang.Object, java.lang.Object)'> (0x000000070eeaa340) 
thrown [open/src/hotspot/share/interpreter/linkResolver.cpp, line 766]
Event: 1.208 Thread 0x000000014d85d800 Exception <a 'java/lang/IncompatibleClassChangeError'{0x000000070eeadcc8}: Found class java.lang.Object, but interface was expected> (0x000000070eeadcc8) 
thrown [open/src/hotspot/share/interpreter/linkResolver.cpp, line 833]
Event: 1.231 Thread 0x000000014d85d800 Exception <a 'java/lang/NoSuchMethodError'{0x000000070ec950a0}: 'java.lang.Object java.lang.invoke.DirectMethodHandle$Holder.newInvokeSpecial(java.lang.Object, java.lang.Object, int)'> (0x000000070ec950a0) 
thrown [open/src/hotspot/share/interpreter/linkResolver.cpp, line 766]
Event: 1.270 Thread 0x00000001290d5e00 Exception <a 'java/lang/NoSuchMethodError'{0x000000070eac95c0}: 'int java.lang.invoke.DirectMethodHandle$Holder.invokeStaticInit(java.lang.Object, java.lang.Object)'> (0x000000070eac95c0) 
thrown [open/src/hotspot/share/interpreter/linkResolver.cpp, line 766]
Event: 5.893 Thread 0x000000014d85d800 Exception <a 'java/lang/NoSuchMethodError'{0x000000070e37ecd8}: 'long java.lang.invoke.DirectMethodHandle$Holder.invokeStatic(java.lang.Object, java.lang.Object)'> (0x000000070e37ecd8) 
thrown [open/src/hotspot/share/interpreter/linkResolver.cpp, line 766]
Event: 5.898 Thread 0x000000014d85d800 Exception <a 'java/lang/NoSuchMethodError'{0x000000070e3af920}: 'java.lang.Object java.lang.invoke.DirectMethodHandle$Holder.newInvokeSpecial(java.lang.Object, java.lang.Object, int, int, int, int, int, java.lang.Object)'> (0x000000070e3af920) 
thrown [open/src/hotspot/share/interpreter/linkResolver.cpp, line 766]
Event: 5.899 Thread 0x000000014d85d800 Exception <a 'java/lang/NoSuchMethodError'{0x000000070e3c2900}: 'java.lang.Object java.lang.invoke.DirectMethodHandle$Holder.newInvokeSpecial(java.lang.Object, java.lang.Object, java.lang.Object, int, int, int, int, int)'> (0x000000070e3c2900) 
thrown [open/src/hotspot/share/interpreter/linkResolver.cpp, line 766]
Event: 5.899 Thread 0x000000014d85d800 Exception <a 'java/lang/NoSuchMethodError'{0x000000070e3ca160}: 'java.lang.Object java.lang.invoke.Invokers$Holder.linkToTargetMethod(java.lang.Object, java.lang.Object, int, int, int, int, int, java.lang.Object)'> (0x000000070e3ca160) 
thrown [open/src/hotspot/share/interpreter/linkResolver.cpp, line 766]
Event: 5.900 Thread 0x000000014d85d800 Exception <a 'java/lang/NoSuchMethodError'{0x000000070e3e2328}: 'long java.lang.invoke.DirectMethodHandle$Holder.invokeStatic(java.lang.Object, java.lang.Object, java.lang.Object)'> (0x000000070e3e2328) 
thrown [open/src/hotspot/share/interpreter/linkResolver.cpp, line 766]
Event: 5.900 Thread 0x000000014d85d800 Exception <a 'java/lang/NoSuchMethodError'{0x000000070e3e5ad0}: 'long java.lang.invoke.DirectMethodHandle$Holder.invokeStaticInit(java.lang.Object, java.lang.Object, java.lang.Object)'> (0x000000070e3e5ad0) 
thrown [open/src/hotspot/share/interpreter/linkResolver.cpp, line 766]
Event: 5.901 Thread 0x000000014d85d800 Exception <a 'java/lang/NoSuchMethodError'{0x000000070e3fd6d8}: 'java.lang.Object java.lang.invoke.DirectMethodHandle$Holder.newInvokeSpecial(java.lang.Object, java.lang.Object, long)'> (0x000000070e3fd6d8) 
thrown [open/src/hotspot/share/interpreter/linkResolver.cpp, line 766]
Event: 5.901 Thread 0x000000014d85d800 Exception <a 'java/lang/NoSuchMethodError'{0x000000070e001808}: 'java.lang.Object java.lang.invoke.Invokers$Holder.linkToTargetMethod(java.lang.Object, long, java.lang.Object)'> (0x000000070e001808) 
thrown [open/src/hotspot/share/interpreter/linkResolver.cpp, line 766]

VM Operations (20 events):
Event: 0.768 Executing VM operation: ICBufferFull
Event: 0.768 Executing VM operation: ICBufferFull done
Event: 0.832 Executing VM operation: G1CollectForAllocation
Event: 0.834 Executing VM operation: G1CollectForAllocation done
Event: 0.847 Executing VM operation: HandshakeAllThreads
Event: 0.847 Executing VM operation: HandshakeAllThreads done
Event: 1.051 Executing VM operation: HandshakeAllThreads
Event: 1.052 Executing VM operation: HandshakeAllThreads done
Event: 1.140 Executing VM operation: ICBufferFull
Event: 1.140 Executing VM operation: ICBufferFull done
Event: 1.202 Executing VM operation: HandshakeAllThreads
Event: 1.202 Executing VM operation: HandshakeAllThreads done
Event: 2.207 Executing VM operation: Cleanup
Event: 2.207 Executing VM operation: Cleanup done
Event: 5.222 Executing VM operation: Cleanup
Event: 5.222 Executing VM operation: Cleanup done
Event: 5.894 Executing VM operation: HandshakeAllThreads
Event: 5.894 Executing VM operation: HandshakeAllThreads done
Event: 6.899 Executing VM operation: Cleanup
Event: 6.900 Executing VM operation: Cleanup done

Events (20 events):
Event: 5.895 loading class java/util/stream/Nodes$EmptyNode$OfDouble
Event: 5.895 loading class java/util/stream/Node$OfDouble
Event: 5.895 loading class java/util/stream/Node$OfDouble done
Event: 5.895 loading class java/util/stream/Nodes$EmptyNode$OfDouble done
Event: 5.895 loading class java/util/stream/Nodes$LongFixedNodeBuilder
Event: 5.895 loading class java/util/stream/Node$Builder$OfLong
Event: 5.895 loading class java/util/stream/Node$Builder
Event: 5.895 loading class java/util/stream/Node$Builder done
Event: 5.895 loading class java/util/stream/Sink$OfLong
Event: 5.895 loading class java/util/stream/Sink$OfLong done
Event: 5.895 loading class java/util/stream/Node$Builder$OfLong done
Event: 5.895 loading class java/util/stream/Nodes$LongArrayNode
Event: 5.895 loading class java/util/stream/Nodes$LongArrayNode done
Event: 5.895 loading class java/util/stream/Nodes$LongFixedNodeBuilder done
Event: 5.895 loading class java/util/stream/ReferencePipeline$5$1
Event: 5.896 loading class java/util/stream/ReferencePipeline$5$1 done
Event: 6.640 Protecting memory [0x0000000280a40000,0x0000000280a4c000] with protection modes 3
Event: 6.640 Thread 0x000000012c8d3a00 Thread exited: 0x000000012c8d3a00
Event: 7.572 Protecting memory [0x0000000280a40000,0x0000000280a4c000] with protection modes 0
Event: 7.572 Thread 0x000000012f009000 Thread added: 0x000000012f009000


Dynamic libraries:
0x00000001021d8000 	/Users/larisacring/Library/Java/JavaVirtualMachines/openjdk-17.0.2/Contents/Home/lib/libjli.dylib
0x0000000199cac000 	/usr/lib/libz.1.dylib
0x0000000199d63000 	/usr/lib/libSystem.B.dylib
0x0000000199d5d000 	/usr/lib/system/libcache.dylib
0x0000000199d1b000 	/usr/lib/system/libcommonCrypto.dylib
0x0000000199d44000 	/usr/lib/system/libcompiler_rt.dylib
0x0000000199d3b000 	/usr/lib/system/libcopyfile.dylib
0x000000018efa3000 	/usr/lib/system/libcorecrypto.dylib
0x000000018f056000 	/usr/lib/system/libdispatch.dylib
0x000000018f224000 	/usr/lib/system/libdyld.dylib
0x0000000199d53000 	/usr/lib/system/libkeymgr.dylib
0x0000000199cf6000 	/usr/lib/system/libmacho.dylib
0x00000001993eb000 	/usr/lib/system/libquarantine.dylib
0x0000000199d50000 	/usr/lib/system/libremovefile.dylib
0x000000019438c000 	/usr/lib/system/libsystem_asl.dylib
0x000000018ef45000 	/usr/lib/system/libsystem_blocks.dylib
0x000000018f0de000 	/usr/lib/system/libsystem_c.dylib
0x0000000199d48000 	/usr/lib/system/libsystem_collections.dylib
0x0000000198879000 	/usr/lib/system/libsystem_configuration.dylib
0x0000000197ad5000 	/usr/lib/system/libsystem_containermanager.dylib
0x0000000199a58000 	/usr/lib/system/libsystem_coreservices.dylib
0x000000019194c000 	/usr/lib/system/libsystem_darwin.dylib
0x0000000199d54000 	/usr/lib/system/libsystem_dnssd.dylib
0x000000018f0db000 	/usr/lib/system/libsystem_featureflags.dylib
0x000000018f239000 	/usr/lib/system/libsystem_info.dylib
0x0000000199cbe000 	/usr/lib/system/libsystem_m.dylib
0x000000018f02b000 	/usr/lib/system/libsystem_malloc.dylib
0x000000019431b000 	/usr/lib/system/libsystem_networkextension.dylib
0x0000000191da5000 	/usr/lib/system/libsystem_notify.dylib
0x00000001a00a1000 	/usr/lib/system/libsystem_product_info_filter.dylib
0x000000019887e000 	/usr/lib/system/libsystem_sandbox.dylib
0x0000000199d4d000 	/usr/lib/system/libsystem_secinit.dylib
0x000000018f1df000 	/usr/lib/system/libsystem_kernel.dylib
0x000000018f231000 	/usr/lib/system/libsystem_platform.dylib
0x000000018f217000 	/usr/lib/system/libsystem_pthread.dylib
0x0000000195ae4000 	/usr/lib/system/libsystem_symptoms.dylib
0x000000018ef89000 	/usr/lib/system/libsystem_trace.dylib
0x0000000199d28000 	/usr/lib/system/libunwind.dylib
0x000000018ef47000 	/usr/lib/system/libxpc.dylib
0x000000018f1c7000 	/usr/lib/libc++abi.dylib
0x000000018f09d000 	/usr/lib/libobjc.A.dylib
0x0000000199d33000 	/usr/lib/liboah.dylib
0x000000018f160000 	/usr/lib/libc++.1.dylib
0x00000001a5bba000 	/System/Library/Frameworks/Cocoa.framework/Versions/A/Cocoa
0x0000000191e06000 	/System/Library/Frameworks/AppKit.framework/Versions/C/AppKit
0x000000019530c000 	/System/Library/Frameworks/CoreData.framework/Versions/A/CoreData
0x0000000190161000 	/System/Library/Frameworks/Foundation.framework/Versions/C/Foundation
0x0000000192cbe000 	/System/Library/PrivateFrameworks/UIFoundation.framework/Versions/A/UIFoundation
0x000000019fd9b000 	/System/Library/PrivateFrameworks/RemoteViewServices.framework/Versions/A/RemoteViewServices
0x0000000198221000 	/System/Library/PrivateFrameworks/XCTTargetBootstrap.framework/Versions/A/XCTTargetBootstrap
0x000000019ba9f000 	/System/Library/PrivateFrameworks/InternationalSupport.framework/Versions/A/InternationalSupport
0x000000019bb28000 	/System/Library/PrivateFrameworks/UserActivity.framework/Versions/A/UserActivity
0x000000019af9a000 	/usr/lib/libspindump.dylib
0x0000000192f2f000 	/System/Library/Frameworks/UniformTypeIdentifiers.framework/Versions/A/UniformTypeIdentifiers
0x000000019676c000 	/usr/lib/libapp_launch_measurement.dylib
0x0000000195c96000 	/System/Library/PrivateFrameworks/CoreAnalytics.framework/Versions/A/CoreAnalytics
0x000000019676f000 	/System/Library/PrivateFrameworks/CoreAutoLayout.framework/Versions/A/CoreAutoLayout
0x0000000197b12000 	/System/Library/Frameworks/Metal.framework/Versions/A/Metal
0x0000000198889000 	/usr/lib/liblangid.dylib
0x0000000198226000 	/System/Library/PrivateFrameworks/CoreSVG.framework/Versions/A/CoreSVG
0x00000001943c0000 	/System/Library/PrivateFrameworks/SkyLight.framework/Versions/A/SkyLight
0x0000000194795000 	/System/Library/Frameworks/CoreGraphics.framework/Versions/A/CoreGraphics
0x00000001a0467000 	/System/Library/Frameworks/Accelerate.framework/Versions/A/Accelerate
0x000000019aa11000 	/System/Library/PrivateFrameworks/IconServices.framework/Versions/A/IconServices
0x0000000197af4000 	/System/Library/Frameworks/IOSurface.framework/Versions/A/IOSurface
0x0000000195cc7000 	/usr/lib/libDiagnosticMessagesClient.dylib
0x00000001a3968000 	/System/Library/Frameworks/ApplicationServices.framework/Versions/A/ApplicationServices
0x0000000198209000 	/System/Library/PrivateFrameworks/DFRFoundation.framework/Versions/A/DFRFoundation
0x0000000191696000 	/usr/lib/libicucore.A.dylib
0x000000019c94b000 	/System/Library/Frameworks/AudioToolbox.framework/Versions/A/AudioToolbox
0x000000019baab000 	/System/Library/PrivateFrameworks/DataDetectorsCore.framework/Versions/A/DataDetectorsCore
0x00000001b23eb000 	/System/Library/PrivateFrameworks/TextInput.framework/Versions/A/TextInput
0x0000000194335000 	/usr/lib/libMobileGestalt.dylib
0x0000000197ed5000 	/System/Library/Frameworks/Carbon.framework/Versions/A/Frameworks/HIToolbox.framework/Versions/A/HIToolbox
0x0000000196148000 	/System/Library/Frameworks/QuartzCore.framework/Versions/A/QuartzCore
0x0000000191319000 	/System/Library/Frameworks/Security.framework/Versions/A/Security
0x000000019fddb000 	/System/Library/Frameworks/Carbon.framework/Versions/A/Frameworks/SpeechRecognition.framework/Versions/A/SpeechRecognition
0x00000001964c2000 	/System/Library/PrivateFrameworks/CoreUI.framework/Versions/A/CoreUI
0x0000000190bf6000 	/System/Library/Frameworks/CoreAudio.framework/Versions/A/CoreAudio
0x0000000195dbc000 	/System/Library/Frameworks/DiskArbitration.framework/Versions/A/DiskArbitration
0x000000019b3a4000 	/System/Library/PrivateFrameworks/MultitouchSupport.framework/Versions/A/MultitouchSupport
0x0000000194333000 	/usr/lib/libenergytrace.dylib
0x0000000191cce000 	/System/Library/Frameworks/IOKit.framework/Versions/A/IOKit
0x00000001a01ca000 	/System/Library/Frameworks/CoreServices.framework/Versions/A/CoreServices
0x00000001966fc000 	/System/Library/PrivateFrameworks/PerformanceAnalysis.framework/Versions/A/PerformanceAnalysis
0x00000001f06d3000 	/System/Library/Frameworks/OpenGL.framework/Versions/A/OpenGL
0x0000000199303000 	/System/Library/PrivateFrameworks/MobileKeyBag.framework/Versions/A/MobileKeyBag
0x0000000194da2000 	/System/Library/Frameworks/ColorSync.framework/Versions/A/ColorSync
0x000000018f266000 	/System/Library/Frameworks/CoreFoundation.framework/Versions/A/CoreFoundation
0x00000001984a5000 	/System/Library/Frameworks/CoreImage.framework/Versions/A/CoreImage
0x0000000190a1a000 	/System/Library/Frameworks/CoreText.framework/Versions/A/CoreText
0x0000000198256000 	/System/Library/Frameworks/ImageIO.framework/Versions/A/ImageIO
0x0000000199d69000 	/System/Library/PrivateFrameworks/SoftLinking.framework/Versions/A/SoftLinking
0x00000001967ba000 	/usr/lib/libxml2.2.dylib
0x000000019a002000 	/usr/lib/libcompression.dylib
0x000000019b9fb000 	/System/Library/PrivateFrameworks/TextureIO.framework/Versions/A/TextureIO
0x000000019a72a000 	/usr/lib/libate.dylib
0x000000019a5ef000 	/usr/lib/liblzma.5.dylib
0x000000018fe55000 	/System/Library/Frameworks/SystemConfiguration.framework/Versions/A/SystemConfiguration
0x0000000199d65000 	/usr/lib/libfakelink.dylib
0x0000000193e67000 	/System/Library/Frameworks/CFNetwork.framework/Versions/A/CFNetwork
0x0000000199eab000 	/usr/lib/libarchive.2.dylib
0x0000000198885000 	/System/Library/PrivateFrameworks/AppleSystemInfo.framework/Versions/A/AppleSystemInfo
0x0000000199416000 	/usr/lib/libbsm.0.dylib
0x00000001933d8000 	/usr/lib/libnetwork.dylib
0x0000000199cff000 	/usr/lib/system/libkxld.dylib
0x0000000199029000 	/System/Library/PrivateFrameworks/IOMobileFramebuffer.framework/Versions/A/IOMobileFramebuffer
0x000000020dfff000 	/usr/lib/libCoreEntitlements.dylib
0x0000000199a3a000 	/System/Library/PrivateFrameworks/AppleFSCompression.framework/Versions/A/AppleFSCompression
0x00000001993fe000 	/usr/lib/libcoretls.dylib
0x000000019a608000 	/usr/lib/libcoretls_cfhelpers.dylib
0x0000000199ffd000 	/usr/lib/libpam.2.dylib
0x00000001956fb000 	/usr/lib/libsqlite3.dylib
0x000000019a671000 	/usr/lib/libxar.1.dylib
0x0000000199a4b000 	/usr/lib/libbz2.1.0.dylib
0x0000000199d6a000 	/usr/lib/libpcap.A.dylib
0x0000000195adb000 	/usr/lib/libdns_services.dylib
0x0000000199fd0000 	/usr/lib/libapple_nghttp2.dylib
0x0000000199da7000 	/usr/lib/libiconv.2.dylib
0x0000000199cf5000 	/usr/lib/libcharset.1.dylib
0x0000000196738000 	/System/Library/Frameworks/CoreServices.framework/Versions/A/Frameworks/FSEvents.framework/Versions/A/FSEvents
0x0000000191957000 	/System/Library/Frameworks/CoreServices.framework/Versions/A/Frameworks/CarbonCore.framework/Versions/A/CarbonCore
0x0000000195d1c000 	/System/Library/Frameworks/CoreServices.framework/Versions/A/Frameworks/Metadata.framework/Versions/A/Metadata
0x0000000199a5e000 	/System/Library/Frameworks/CoreServices.framework/Versions/A/Frameworks/OSServices.framework/Versions/A/OSServices
0x0000000199f31000 	/System/Library/Frameworks/CoreServices.framework/Versions/A/Frameworks/SearchKit.framework/Versions/A/SearchKit
0x0000000195a6a000 	/System/Library/Frameworks/CoreServices.framework/Versions/A/Frameworks/AE.framework/Versions/A/AE
0x000000018f7ac000 	/System/Library/Frameworks/CoreServices.framework/Versions/A/Frameworks/LaunchServices.framework/Versions/A/LaunchServices
0x000000019a598000 	/System/Library/Frameworks/CoreServices.framework/Versions/A/Frameworks/DictionaryServices.framework/Versions/A/DictionaryServices
0x0000000196745000 	/System/Library/Frameworks/CoreServices.framework/Versions/A/Frameworks/SharedFileList.framework/Versions/A/SharedFileList
0x00000001993ee000 	/usr/lib/libCheckFix.dylib
0x00000001943a4000 	/System/Library/PrivateFrameworks/TCC.framework/Versions/A/TCC
0x000000019888b000 	/System/Library/PrivateFrameworks/CoreNLP.framework/Versions/A/CoreNLP
0x0000000195cca000 	/System/Library/PrivateFrameworks/MetadataUtilities.framework/Versions/A/MetadataUtilities
0x000000018ff0e000 	/usr/lib/libmecabra.dylib
0x0000000199427000 	/usr/lib/libmecab.dylib
0x000000018feda000 	/usr/lib/libCRFSuite.dylib
0x0000000199484000 	/usr/lib/libgermantok.dylib
0x0000000199fa9000 	/usr/lib/libThaiTokenizer.dylib
0x0000000195dc4000 	/System/Library/Frameworks/Accelerate.framework/Versions/A/Frameworks/vImage.framework/Versions/A/vImage
0x00000001a01a1000 	/System/Library/Frameworks/Accelerate.framework/Versions/A/Frameworks/vecLib.framework/Versions/A/vecLib
0x000000019a6b6000 	/System/Library/Frameworks/Accelerate.framework/Versions/A/Frameworks/vecLib.framework/Versions/A/libvMisc.dylib
0x0000000198f30000 	/System/Library/Frameworks/Accelerate.framework/Versions/A/Frameworks/vecLib.framework/Versions/A/libvDSP.dylib
0x000000018fb35000 	/System/Library/Frameworks/Accelerate.framework/Versions/A/Frameworks/vecLib.framework/Versions/A/libBLAS.dylib
0x000000019a0d3000 	/System/Library/Frameworks/Accelerate.framework/Versions/A/Frameworks/vecLib.framework/Versions/A/libLAPACK.dylib
0x0000000199487000 	/System/Library/Frameworks/Accelerate.framework/Versions/A/Frameworks/vecLib.framework/Versions/A/libLinearAlgebra.dylib
0x0000000199fe8000 	/System/Library/Frameworks/Accelerate.framework/Versions/A/Frameworks/vecLib.framework/Versions/A/libSparseBLAS.dylib
0x000000019a0ce000 	/System/Library/Frameworks/Accelerate.framework/Versions/A/Frameworks/vecLib.framework/Versions/A/libQuadrature.dylib
0x0000000198984000 	/System/Library/Frameworks/Accelerate.framework/Versions/A/Frameworks/vecLib.framework/Versions/A/libBNNS.dylib
0x000000018fdf3000 	/System/Library/Frameworks/Accelerate.framework/Versions/A/Frameworks/vecLib.framework/Versions/A/libSparse.dylib
0x000000019897c000 	/System/Library/PrivateFrameworks/LinguisticData.framework/Versions/A/LinguisticData
0x000000018fdab000 	/System/Library/PrivateFrameworks/Lexicon.framework/Versions/A/Lexicon
0x000000019a6ae000 	/usr/lib/libChineseTokenizer.dylib
0x0000000190552000 	/System/Library/PrivateFrameworks/LanguageModeling.framework/Versions/A/LanguageModeling
0x0000000199fab000 	/System/Library/PrivateFrameworks/AppleSauce.framework/Versions/A/AppleSauce
0x0000000199016000 	/System/Library/PrivateFrameworks/CoreEmoji.framework/Versions/A/CoreEmoji
0x0000000199e99000 	/usr/lib/libcmph.dylib
0x0000000196718000 	/System/Library/Frameworks/OpenDirectory.framework/Versions/A/Frameworks/CFOpenDirectory.framework/Versions/A/CFOpenDirectory
0x0000000196708000 	/System/Library/Frameworks/OpenDirectory.framework/Versions/A/OpenDirectory
0x000000019a60a000 	/System/Library/PrivateFrameworks/APFS.framework/Versions/A/APFS
0x000000019933e000 	/System/Library/Frameworks/SecurityFoundation.framework/Versions/A/SecurityFoundation
0x000000019a680000 	/usr/lib/libutil.dylib
0x0000000191c90000 	/System/Library/PrivateFrameworks/CoreServicesStore.framework/Versions/A/CoreServicesStore
0x000000019a684000 	/usr/lib/libxslt.1.dylib
0x00000001993d2000 	/System/Library/PrivateFrameworks/BackgroundTaskManagement.framework/Versions/A/BackgroundTaskManagement
0x000000019b91c000 	/System/Library/Frameworks/ImageIO.framework/Versions/A/Resources/libRadiance.dylib
0x000000019b925000 	/System/Library/Frameworks/ImageIO.framework/Versions/A/Resources/libJPEG.dylib
0x000000019b878000 	/System/Library/Frameworks/ImageIO.framework/Versions/A/Resources/libPng.dylib
0x000000019b89a000 	/System/Library/Frameworks/ImageIO.framework/Versions/A/Resources/libTIFF.dylib
0x000000019b980000 	/System/Library/Frameworks/ImageIO.framework/Versions/A/Resources/libGIF.dylib
0x000000019b2b4000 	/System/Library/Frameworks/ImageIO.framework/Versions/A/Resources/libJP2.dylib
0x000000019a9d6000 	/usr/lib/libexpat.1.dylib
0x000000019b26f000 	/System/Library/PrivateFrameworks/AppleJPEG.framework/Versions/A/AppleJPEG
0x0000000197d91000 	/System/Library/PrivateFrameworks/FontServices.framework/libFontParser.dylib
0x0000000195a0f000 	/System/Library/PrivateFrameworks/RunningBoardServices.framework/Versions/A/RunningBoardServices
0x00000001a628d000 	/System/Library/PrivateFrameworks/IOSurfaceAccelerator.framework/Versions/A/IOSurfaceAccelerator
0x000000019b3a0000 	/System/Library/PrivateFrameworks/WatchdogClient.framework/Versions/A/WatchdogClient
0x0000000190656000 	/System/Library/Frameworks/CoreDisplay.framework/Versions/A/CoreDisplay
0x0000000197c7b000 	/System/Library/Frameworks/CoreMedia.framework/Versions/A/CoreMedia
0x0000000197b08000 	/System/Library/PrivateFrameworks/IOAccelerator.framework/Versions/A/IOAccelerator
0x00000001968a8000 	/System/Library/Frameworks/CoreVideo.framework/Versions/A/CoreVideo
0x0000000199ffb000 	/System/Library/Frameworks/MetalPerformanceShaders.framework/Versions/A/MetalPerformanceShaders
0x000000019b3df000 	/System/Library/Frameworks/VideoToolbox.framework/Versions/A/VideoToolbox
0x0000000195953000 	/System/Library/PrivateFrameworks/BaseBoard.framework/Versions/A/BaseBoard
0x00000001956e1000 	/System/Library/PrivateFrameworks/ProtocolBuffer.framework/Versions/A/ProtocolBuffer
0x000000019b917000 	/System/Library/PrivateFrameworks/GPUWrangler.framework/Versions/A/GPUWrangler
0x000000019b8f7000 	/System/Library/PrivateFrameworks/IOPresentment.framework/Versions/A/IOPresentment
0x000000019b91f000 	/System/Library/PrivateFrameworks/DSExternalDisplay.framework/Versions/A/DSExternalDisplay
0x00000001f06c6000 	/System/Library/Frameworks/OpenGL.framework/Versions/A/Libraries/libCoreFSCache.dylib
0x00000001fab85000 	/System/Library/PrivateFrameworks/GPUCompiler.framework/Versions/31001/Libraries/libGPUCompilerUtils.dylib
0x000000019b985000 	/System/Library/PrivateFrameworks/CMCaptureCore.framework/Versions/A/CMCaptureCore
0x000000019af87000 	/System/Library/PrivateFrameworks/AppServerSupport.framework/Versions/A/AppServerSupport
0x000000019d208000 	/System/Library/PrivateFrameworks/perfdata.framework/Versions/A/perfdata
0x0000000190776000 	/System/Library/PrivateFrameworks/AudioToolboxCore.framework/Versions/A/AudioToolboxCore
0x0000000197c54000 	/System/Library/PrivateFrameworks/caulk.framework/Versions/A/caulk
0x000000019cafd000 	/usr/lib/libAudioStatistics.dylib
0x00000001aea52000 	/System/Library/PrivateFrameworks/SystemPolicy.framework/Versions/A/SystemPolicy
0x000000019cd69000 	/usr/lib/libSMC.dylib
0x00000001a5a9c000 	/System/Library/Frameworks/CoreMIDI.framework/Versions/A/CoreMIDI
0x000000019b846000 	/usr/lib/libAudioToolboxUtility.dylib
0x00000001aab1f000 	/System/Library/PrivateFrameworks/OSAServicesClient.framework/Versions/A/OSAServicesClient
0x000000019d215000 	/usr/lib/libperfcheck.dylib
0x00000001af56a000 	/usr/lib/libmis.dylib
0x00000001f0728000 	/System/Library/Frameworks/OpenGL.framework/Versions/A/Libraries/libGLU.dylib
0x00000001f06e7000 	/System/Library/Frameworks/OpenGL.framework/Versions/A/Libraries/libGFXShared.dylib
0x00000001f08d4000 	/System/Library/Frameworks/OpenGL.framework/Versions/A/Libraries/libGL.dylib
0x00000001f06f0000 	/System/Library/Frameworks/OpenGL.framework/Versions/A/Libraries/libGLImage.dylib
0x00000001f06e4000 	/System/Library/Frameworks/OpenGL.framework/Versions/A/Libraries/libCVMSPluginSupport.dylib
0x00000001f06cd000 	/System/Library/Frameworks/OpenGL.framework/Versions/A/Libraries/libCoreVMClient.dylib
0x0000000198805000 	/System/Library/Frameworks/MetalPerformanceShaders.framework/Versions/A/Frameworks/MPSCore.framework/Versions/A/MPSCore
0x00000001999ad000 	/System/Library/Frameworks/MetalPerformanceShaders.framework/Versions/A/Frameworks/MPSImage.framework/Versions/A/MPSImage
0x000000019949c000 	/System/Library/Frameworks/MetalPerformanceShaders.framework/Versions/A/Frameworks/MPSNeuralNetwork.framework/Versions/A/MPSNeuralNetwork
0x00000001998d5000 	/System/Library/Frameworks/MetalPerformanceShaders.framework/Versions/A/Frameworks/MPSMatrix.framework/Versions/A/MPSMatrix
0x00000001996ae000 	/System/Library/Frameworks/MetalPerformanceShaders.framework/Versions/A/Frameworks/MPSRayIntersector.framework/Versions/A/MPSRayIntersector
0x0000000199906000 	/System/Library/Frameworks/MetalPerformanceShaders.framework/Versions/A/Frameworks/MPSNDArray.framework/Versions/A/MPSNDArray
0x00000001f283f000 	/System/Library/Frameworks/MetalPerformanceShaders.framework/Versions/A/Frameworks/MPSFunctions.framework/Versions/A/MPSFunctions
0x000000018fa0c000 	/System/Library/PrivateFrameworks/MetalTools.framework/Versions/A/MetalTools
0x0000000198883000 	/System/Library/PrivateFrameworks/AggregateDictionary.framework/Versions/A/AggregateDictionary
0x000000019a7bb000 	/usr/lib/libIOReport.dylib
0x00000001a4aba000 	/System/Library/PrivateFrameworks/ASEProcessing.framework/Versions/A/ASEProcessing
0x000000019ab30000 	/System/Library/PrivateFrameworks/FaceCore.framework/Versions/A/FaceCore
0x000000019ab22000 	/System/Library/PrivateFrameworks/GraphVisualizer.framework/Versions/A/GraphVisualizer
0x00000001faa9c000 	/System/Library/PrivateFrameworks/FontServices.framework/Versions/A/FontServices
0x000000019af43000 	/System/Library/PrivateFrameworks/OTSVG.framework/Versions/A/OTSVG
0x0000000196472000 	/System/Library/Frameworks/ApplicationServices.framework/Versions/A/Frameworks/ATS.framework/Versions/A/Resources/libFontRegistry.dylib
0x000000019af90000 	/System/Library/PrivateFrameworks/FontServices.framework/libhvf.dylib
0x00000001faa9d000 	/System/Library/PrivateFrameworks/FontServices.framework/libXTFontStaticRegistryData.dylib
0x00000001f0a75000 	/System/Library/Frameworks/OpenCL.framework/Versions/A/OpenCL
0x000000019a98a000 	/System/Library/PrivateFrameworks/AppleVA.framework/Versions/A/AppleVA
0x000000019cb25000 	/System/Library/Frameworks/ApplicationServices.framework/Versions/A/Frameworks/ATS.framework/Versions/A/ATS
0x0000000194e9f000 	/System/Library/Frameworks/ApplicationServices.framework/Versions/A/Frameworks/HIServices.framework/Versions/A/HIServices
0x000000019b98f000 	/System/Library/Frameworks/ApplicationServices.framework/Versions/A/Frameworks/PrintCore.framework/Versions/A/PrintCore
0x000000019cebc000 	/System/Library/Frameworks/ApplicationServices.framework/Versions/A/Frameworks/QD.framework/Versions/A/QD
0x000000019ceb4000 	/System/Library/Frameworks/ApplicationServices.framework/Versions/A/Frameworks/ColorSyncLegacy.framework/Versions/A/ColorSyncLegacy
0x000000019cb11000 	/System/Library/Frameworks/ApplicationServices.framework/Versions/A/Frameworks/SpeechSynthesis.framework/Versions/A/SpeechSynthesis
0x000000019b950000 	/System/Library/Frameworks/ApplicationServices.framework/Versions/A/Frameworks/ATSUI.framework/Versions/A/ATSUI
0x000000019ce49000 	/usr/lib/libcups.2.dylib
0x000000019d223000 	/System/Library/Frameworks/Kerberos.framework/Versions/A/Kerberos
0x000000019d234000 	/System/Library/Frameworks/GSS.framework/Versions/A/GSS
0x000000019cb95000 	/usr/lib/libresolv.9.dylib
0x000000019af9f000 	/System/Library/PrivateFrameworks/Heimdal.framework/Versions/A/Heimdal
0x00000001a3cef000 	/System/Library/Frameworks/Kerberos.framework/Versions/A/Libraries/libHeimdalProxy.dylib
0x0000000195aed000 	/System/Library/Frameworks/Network.framework/Versions/A/Network
0x000000019a9f1000 	/usr/lib/libheimdal-asn1.dylib
0x000000019d284000 	/System/Library/PrivateFrameworks/CommonAuth.framework/Versions/A/CommonAuth
0x000000019ca8b000 	/System/Library/PrivateFrameworks/AudioSession.framework/Versions/A/AudioSession
0x000000019aa83000 	/System/Library/PrivateFrameworks/MediaExperience.framework/Versions/A/MediaExperience
0x000000019c911000 	/System/Library/PrivateFrameworks/AudioSession.framework/libSessionUtility.dylib
0x000000019cec8000 	/System/Library/PrivateFrameworks/AudioResourceArbitration.framework/Versions/A/AudioResourceArbitration
0x00000001a107e000 	/System/Library/PrivateFrameworks/PowerLog.framework/Versions/A/PowerLog
0x000000019a9fb000 	/System/Library/PrivateFrameworks/IconFoundation.framework/Versions/A/IconFoundation
0x000000019fdc7000 	/System/Library/PrivateFrameworks/SpeechRecognitionCore.framework/Versions/A/SpeechRecognitionCore
0x0000000103224000 	/Users/larisacring/Library/Java/JavaVirtualMachines/openjdk-17.0.2/Contents/Home/lib/server/libjvm.dylib
0x000000010223c000 	/Users/larisacring/Library/Java/JavaVirtualMachines/openjdk-17.0.2/Contents/Home/lib/libjimage.dylib
0x0000000102330000 	/Users/larisacring/Library/Java/JavaVirtualMachines/openjdk-17.0.2/Contents/Home/lib/libinstrument.dylib
0x000000010237c000 	/Users/larisacring/Library/Java/JavaVirtualMachines/openjdk-17.0.2/Contents/Home/lib/libjava.dylib
0x0000000102e30000 	/Users/larisacring/Library/Java/JavaVirtualMachines/openjdk-17.0.2/Contents/Home/lib/libnio.dylib
0x0000000102e50000 	/Users/larisacring/Library/Java/JavaVirtualMachines/openjdk-17.0.2/Contents/Home/lib/libnet.dylib
0x0000000102360000 	/Users/larisacring/Library/Java/JavaVirtualMachines/openjdk-17.0.2/Contents/Home/lib/libzip.dylib
0x0000000102e74000 	/Users/larisacring/.openjfx/cache/17.0.0.1/libprism_es2.dylib
0x0000000191c53000 	/System/Library/PrivateFrameworks/CoreServicesInternal.framework/Versions/A/CoreServicesInternal
0x00000001f08de000 	/System/Library/Frameworks/OpenGL.framework/Versions/A/Resources/GLEngine.bundle/GLEngine
0x00000001f0766000 	/System/Library/Frameworks/OpenGL.framework/Versions/A/Libraries/libGLProgrammability.dylib
0x0000000125ad0000 	/System/Library/Extensions/AppleMetalOpenGLRenderer.bundle/Contents/MacOS/AppleMetalOpenGLRenderer
0x00000001f0a4d000 	/System/Library/Frameworks/OpenGL.framework/Versions/A/Resources/GLRendererFloat.bundle/GLRendererFloat
0x00000001f0b4d000 	/System/Library/Extensions/AGXMetal13_3.bundle/Contents/MacOS/AGXMetal13_3
0x00000001af586000 	/System/Library/PrivateFrameworks/GPURawCounter.framework/Versions/A/GPURawCounter
0x00000001a9c90000 	/System/Library/PrivateFrameworks/IOGPU.framework/Versions/A/IOGPU
0x0000000125a38000 	/Users/larisacring/.openjfx/cache/17.0.0.1/libglass.dylib
0x00000001a12d6000 	/System/Library/Frameworks/FileProvider.framework/Versions/A/FileProvider
0x00000001958bb000 	/System/Library/Frameworks/Accounts.framework/Versions/A/Accounts
0x00000001a145a000 	/System/Library/PrivateFrameworks/GenerationalStorage.framework/Versions/A/GenerationalStorage
0x00000001a201d000 	/System/Library/PrivateFrameworks/CoreSymbolication.framework/Versions/A/CoreSymbolication
0x00000001a1072000 	/System/Library/PrivateFrameworks/SymptomDiagnosticReporter.framework/Versions/A/SymptomDiagnosticReporter
0x0000000192f43000 	/System/Library/PrivateFrameworks/DesktopServicesPriv.framework/Versions/A/DesktopServicesPriv
0x0000000191db5000 	/usr/lib/libsandbox.1.dylib
0x0000000196936000 	/System/Library/PrivateFrameworks/UserManagement.framework/Versions/A/UserManagement
0x00000001a1fda000 	/System/Library/PrivateFrameworks/DebugSymbols.framework/Versions/A/DebugSymbols
0x000000019cea7000 	/System/Library/PrivateFrameworks/NetAuth.framework/Versions/A/NetAuth
0x000000019ddc5000 	/System/Library/PrivateFrameworks/Sharing.framework/Versions/A/Sharing
0x0000000196906000 	/System/Library/PrivateFrameworks/login.framework/Versions/A/Frameworks/loginsupport.framework/Versions/A/loginsupport
0x00000001a320f000 	/System/Library/PrivateFrameworks/Apple80211.framework/Versions/A/Apple80211
0x0000000199a91000 	/System/Library/PrivateFrameworks/AuthKit.framework/Versions/A/AuthKit
0x0000000199112000 	/System/Library/PrivateFrameworks/CoreUtils.framework/Versions/A/CoreUtils
0x0000000199035000 	/System/Library/Frameworks/CoreWLAN.framework/Versions/A/CoreWLAN
0x000000019df35000 	/System/Library/Frameworks/IOBluetooth.framework/Versions/A/IOBluetooth
0x00000001a326f000 	/System/Library/PrivateFrameworks/CoreWiFi.framework/Versions/A/CoreWiFi
0x00000001a1bba000 	/System/Library/PrivateFrameworks/FrontBoardServices.framework/Versions/A/FrontBoardServices
0x00000001a1c52000 	/System/Library/PrivateFrameworks/BoardServices.framework/Versions/A/BoardServices
0x000000019932c000 	/System/Library/PrivateFrameworks/AssertionServices.framework/Versions/A/AssertionServices
0x00000001a33ec000 	/System/Library/PrivateFrameworks/BackBoardServices.framework/Versions/A/BackBoardServices
0x000000019d31b000 	/System/Library/PrivateFrameworks/CorePhoneNumbers.framework/Versions/A/CorePhoneNumbers
0x00000001a11a2000 	/System/Library/PrivateFrameworks/DiskManagement.framework/Versions/A/DiskManagement
0x00000001a10a5000 	/System/Library/PrivateFrameworks/AppleIDAuthSupport.framework/Versions/A/AppleIDAuthSupport
0x00000001f5066000 	/System/Library/PrivateFrameworks/AAAFoundation.framework/Versions/A/AAAFoundation
0x000000019d2fa000 	/System/Library/PrivateFrameworks/KeychainCircle.framework/Versions/A/KeychainCircle
0x00000001a116e000 	/System/Library/PrivateFrameworks/MediaKit.framework/Versions/A/MediaKit
0x00000001a10b2000 	/System/Library/Frameworks/DiscRecording.framework/Versions/A/DiscRecording
0x000000019a906000 	/usr/lib/libCoreStorage.dylib
0x00000001a36e9000 	/usr/lib/libcsfde.dylib
0x000000019e00a000 	/System/Library/PrivateFrameworks/ProtectedCloudStorage.framework/Versions/A/ProtectedCloudStorage
0x00000001a36e1000 	/System/Library/PrivateFrameworks/EFILogin.framework/Versions/A/EFILogin
0x00000001a1481000 	/System/Library/PrivateFrameworks/OctagonTrust.framework/Versions/A/OctagonTrust
0x00000001f9c37000 	/System/Library/PrivateFrameworks/CoreUtilsExtras.framework/Versions/A/CoreUtilsExtras
0x00000001a0fd7000 	/System/Library/Frameworks/CoreBluetooth.framework/Versions/A/CoreBluetooth
0x00000001a3d74000 	/System/Library/Frameworks/AudioUnit.framework/Versions/A/AudioUnit
0x000000019a8fe000 	/usr/lib/libMatch.1.dylib
0x00000001b3a32000 	/System/Library/Frameworks/Accelerate.framework/Versions/A/Frameworks/vImage.framework/Versions/A/Libraries/libCGInterfaces.dylib
0x0000000128d00000 	/usr/lib/libobjc-trampolines.dylib
0x0000000196600000 	/System/Library/PrivateFrameworks/ViewBridge.framework/Versions/A/ViewBridge
0x000000019b062000 	/System/Library/PrivateFrameworks/login.framework/Versions/A/login
0x000000012bf3c000 	/Users/larisacring/.openjfx/cache/17.0.0.1/libjavafx_font.dylib
0x000000020e17d000 	/usr/lib/libRosetta.dylib
0x00000001f5719000 	/System/Library/PrivateFrameworks/AccessibilityBundles.framework/Versions/A/AccessibilityBundles


VM Arguments:
jvm_args: -javaagent:/Applications/IntelliJ IDEA CE.app/Contents/lib/idea_rt.jar=58935:/Applications/IntelliJ IDEA CE.app/Contents/bin -Dfile.encoding=UTF-8 --module-path=/Users/larisacring/.m2/repository/org/openjfx/javafx-media/17.0.0.1/javafx-media-17.0.0.1-mac-aarch64.jar:/Users/larisacring/.m2/repository/org/openjfx/javafx-web/17.0.0.1/javafx-web-17.0.0.1-mac-aarch64.jar:/Users/larisacring/.m2/repository/org/kordamp/ikonli/ikonli-core/12.2.0/ikonli-core-12.2.0.jar:/Users/larisacring/.m2/repository/net/synedra/validatorfx/0.1.13/validatorfx-0.1.13.jar:/Users/larisacring/Documents/CompSci/Interaction Design/WeatherApp/target/classes:/Users/larisacring/.m2/repository/org/openjfx/javafx-fxml/17.0.0.1/javafx-fxml-17.0.0.1-mac-aarch64.jar:/Users/larisacring/.m2/repository/com/dlsc/formsfx/formsfx-core/11.3.2/formsfx-core-11.3.2.jar:/Users/larisacring/.m2/repository/org/controlsfx/controlsfx/11.1.0/controlsfx-11.1.0.jar:/Users/larisacring/.m2/repository/org/openjfx/javafx-controls/17.0.0.1/javafx-controls-17.0.0.1-mac-aarch64.jar:/Users/larisacring/.m2/repository/org/kordamp/bootstrapfx/bootstrapfx-core/0.4.0/bootstrapfx-core-0.4.0.jar:/Users/larisacring/.m2/repository/org/kordamp/ikonli/ikonli-javafx/12.2.0/ikonli-javafx-12.2.0.jar:/Users/larisacring/.m2/repository/org/openjfx/javafx-base/17.0.0.1/javafx-base-17.0.0.1-mac-aarch64.jar:/Users/larisacring/.m2/repository/eu/hansolo/tilesfx/11.48/tilesfx-11.48.jar:/Users/larisacring/.m2/repository/org/openjfx/javafx-graphics/17.0.0.1/javafx-graphics-17.0.0.1-mac-aarch64.jar -Djdk.module.main=com.example.weatherapp 
java_command: com.example.weatherapp/com.example.weatherapp.HelloApplication
java_class_path (initial): /Users/larisacring/.m2/repository/org/openjfx/javafx-controls/17.0.0.1/javafx-controls-17.0.0.1.jar:/Users/larisacring/.m2/repository/org/openjfx/javafx-graphics/17.0.0.1/javafx-graphics-17.0.0.1.jar:/Users/larisacring/.m2/repository/org/openjfx/javafx-base/17.0.0.1/javafx-base-17.0.0.1.jar:/Users/larisacring/.m2/repository/org/openjfx/javafx-fxml/17.0.0.1/javafx-fxml-17.0.0.1.jar:/Users/larisacring/.m2/repository/org/openjfx/javafx-web/17.0.0.1/javafx-web-17.0.0.1.jar:/Users/larisacring/.m2/repository/org/openjfx/javafx-media/17.0.0.1/javafx-media-17.0.0.1.jar
Launcher Type: SUN_STANDARD

[Global flags]
     intx CICompilerCount                          = 4                                         {product} {ergonomic}
     uint ConcGCThreads                            = 2                                         {product} {ergonomic}
     uint G1ConcRefinementThreads                  = 8                                         {product} {ergonomic}
   size_t G1HeapRegionSize                         = 2097152                                   {product} {ergonomic}
    uintx GCDrainStackTargetSize                   = 64                                        {product} {ergonomic}
   size_t InitialHeapSize                          = 268435456                                 {product} {ergonomic}
   size_t MarkStackSize                            = 4194304                                   {product} {ergonomic}
   size_t MaxHeapSize                              = 4294967296                                {product} {ergonomic}
   size_t MaxNewSize                               = 2575302656                                {product} {ergonomic}
   size_t MinHeapDeltaBytes                        = 2097152                                   {product} {ergonomic}
   size_t MinHeapSize                              = 8388608                                   {product} {ergonomic}
    uintx NonNMethodCodeHeapSize                   = 5839564                                {pd product} {ergonomic}
    uintx NonProfiledCodeHeapSize                  = 122909338                              {pd product} {ergonomic}
    uintx ProfiledCodeHeapSize                     = 122909338                              {pd product} {ergonomic}
    uintx ReservedCodeCacheSize                    = 251658240                              {pd product} {ergonomic}
     bool SegmentedCodeCache                       = true                                      {product} {ergonomic}
   size_t SoftMaxHeapSize                          = 4294967296                             {manageable} {ergonomic}
     bool UseCompressedClassPointers               = true                           {product lp64_product} {ergonomic}
     bool UseCompressedOops                        = true                           {product lp64_product} {ergonomic}
     bool UseG1GC                                  = true                                      {product} {ergonomic}
     bool UseNUMA                                  = false                                     {product} {ergonomic}
     bool UseNUMAInterleaving                      = false                                     {product} {ergonomic}

Logging:
Log output configuration:
 #0: stdout all=warning uptime,level,tags
 #1: stderr all=off uptime,level,tags

Environment Variables:
PATH=/Users/larisacring/.opam/default/bin:/opt/homebrew/bin:/opt/homebrew/sbin:/Library/Frameworks/Python.framework/Versions/3.9/bin:/usr/local/bin:/usr/bin:/bin:/usr/sbin:/sbin:/Library/Frameworks/Python.framework/Versions/3.9/bin
SHELL=/bin/zsh
LC_CTYPE=en_GB.UTF-8

Signal Handlers:
   SIGSEGV: _ZL13crash_handleriP9__siginfoPv in libjvm.dylib, mask=11100110000111110111111111111111, flags=SA_RESTART|SA_SIGINFO
    SIGBUS: _ZL13crash_handleriP9__siginfoPv in libjvm.dylib, mask=11100110000111110111111111111111, flags=SA_RESTART|SA_SIGINFO
    SIGFPE: _ZL13crash_handleriP9__siginfoPv in libjvm.dylib, mask=11100110000111110111111111111111, flags=SA_RESTART|SA_SIGINFO
   SIGPIPE: _ZL17javaSignalHandleriP9__siginfoPv in libjvm.dylib, mask=11100110000111110111111111111111, flags=SA_RESTART|SA_SIGINFO
   SIGXFSZ: _ZL17javaSignalHandleriP9__siginfoPv in libjvm.dylib, mask=11100110000111110111111111111111, flags=SA_RESTART|SA_SIGINFO
    SIGILL: _ZL13crash_handleriP9__siginfoPv in libjvm.dylib, mask=11100110000111110111111111111111, flags=SA_RESTART|SA_SIGINFO
   SIGUSR2: _ZL10SR_handleriP9__siginfoP17__darwin_ucontext in libjvm.dylib, mask=00100000000000000000000000000000, flags=SA_RESTART|SA_SIGINFO
    SIGHUP: _ZL11UserHandleriPvS_ in libjvm.dylib, mask=11100110000111110111111111111111, flags=SA_RESTART|SA_SIGINFO
    SIGINT: _ZL11UserHandleriPvS_ in libjvm.dylib, mask=11100110000111110111111111111111, flags=SA_RESTART|SA_SIGINFO
   SIGTERM: _ZL11UserHandleriPvS_ in libjvm.dylib, mask=11100110000111110111111111111111, flags=SA_RESTART|SA_SIGINFO
   SIGQUIT: _ZL11UserHandleriPvS_ in libjvm.dylib, mask=11100110000111110111111111111111, flags=SA_RESTART|SA_SIGINFO
   SIGTRAP: _ZL13crash_handleriP9__siginfoPv in libjvm.dylib, mask=11100110000111110111111111111111, flags=SA_RESTART|SA_SIGINFO


---------------  S Y S T E M  ---------------

OS:
uname: Darwin 21.4.0 Darwin Kernel Version 21.4.0: Fri Mar 18 00:47:26 PDT 2022; root:xnu-8020.101.4~15/RELEASE_ARM64_T8101 arm64
OS uptime: 32 days 20:47 hours
rlimit (soft/hard): STACK 8176k/65520k , CORE 0k/infinity , NPROC 2666/4000 , NOFILE 10240/infinity , AS infinity/infinity , CPU infinity/infinity , DATA infinity/infinity , FSIZE infinity/infinity , MEMLOCK infinity/infinity , RSS infinity/infinity
load average: 2.46 2.06 1.92

CPU: total 8 (initial active 8) 0x61:0x0:0x1b588bb3:0, fp, simd, crc, lse

Memory: 16k page, physical 16777216k(203712k free), swap 1048576k(1042432k free)

vm_info: OpenJDK 64-Bit Server VM (17.0.2+8-86) for bsd-aarch64 JRE (17.0.2+8-86), built on Dec  7 2021 21:45:06 by "mach5one" with clang Apple LLVM 12.0.0 (clang-1200.0.32.29)

END.
